[NotebookApp | WARNING] No nbgrader_config.py file found (rerun with --debug to see where nbgrader is looking)
[NotebookApp | INFO] Loading the validate_assignment nbgrader serverextension
[NotebookApp | INFO] Serving notebooks from local directory: /home/cheng/Desktop/CIS530/CIS535/source/BV
[NotebookApp | INFO] The Jupyter Notebook is running at:
[NotebookApp | INFO] http://localhost:8888/?token=50bb59cabdcb7e3383a7300f43c45d464e384d89a664813d
[NotebookApp | INFO] Use Control-C to stop this server and shut down all kernels (twice to skip confirmation).
[NotebookApp | CRITICAL] 
    
    To access the notebook, open this file in a browser:
        file:///run/user/1000/jupyter/nbserver-5573-open.html
    Or copy and paste one of these URLs:
        http://localhost:8888/?token=50bb59cabdcb7e3383a7300f43c45d464e384d89a664813d
[NotebookApp | INFO] 302 GET /notebooks/bias.jpg (127.0.0.1) 0.63ms
[NotebookApp | INFO] Kernel started: c776b98c-12e5-4df0-8b3d-46d81a9dd810
[NotebookApp | INFO] Adapting to protocol v5.1 for kernel c776b98c-12e5-4df0-8b3d-46d81a9dd810
[NotebookApp | WARNING] 404 GET /static/components/MathJax/fonts/HTML-CSS/TeX/otf/MathJax_AMS-Regular.otf (127.0.0.1) 4.82ms referer=http://localhost:8888/notebooks/python_HW5_BV_solutions.ipynb
[NotebookApp | WARNING] 404 GET /static/components/MathJax/fonts/HTML-CSS/TeX/otf/MathJax_Script-Regular.otf (127.0.0.1) 0.87ms referer=http://localhost:8888/notebooks/python_HW5_BV_solutions.ipynb
[NotebookApp | INFO] Saving file at /python_HW5_BV_solutions.ipynb
[NotebookApp | INFO] Saving file at /python_HW5_BV_solutions.ipynb
[NotebookApp | INFO] Starting buffering for c776b98c-12e5-4df0-8b3d-46d81a9dd810:d0fb34dcf76244f289e9ac4c309d2474
[NotebookApp | INFO] interrupted
[NotebookApp | CRITICAL] received signal 2, stopping
[NotebookApp | INFO] Shutting down 1 kernel
[NotebookApp | CRITICAL] received signal 2, stopping
[NotebookApp | CRITICAL] received signal 2, stopping
[NotebookApp | INFO] Kernel shutdown: c776b98c-12e5-4df0-8b3d-46d81a9dd810
[NotebookApp | WARNING] No nbgrader_config.py file found (rerun with --debug to see where nbgrader is looking)
[NotebookApp | INFO] Loading the validate_assignment nbgrader serverextension
[NotebookApp | INFO] Serving notebooks from local directory: /home/cheng/Desktop/CIS530/CIS535/source/BV
[NotebookApp | INFO] The Jupyter Notebook is running at:
[NotebookApp | INFO] http://localhost:8889/?token=b33c5f19b1992931aa13807d2ce54d619b5b9a32adc78a23
[NotebookApp | INFO] Use Control-C to stop this server and shut down all kernels (twice to skip confirmation).
[NotebookApp | CRITICAL] 
    
    To access the notebook, open this file in a browser:
        file:///run/user/1000/jupyter/nbserver-26452-open.html
    Or copy and paste one of these URLs:
        http://localhost:8889/?token=b33c5f19b1992931aa13807d2ce54d619b5b9a32adc78a23
[NotebookApp | INFO] 302 GET /notebooks/bias.jpg (127.0.0.1) 1.50ms
[NotebookApp | INFO] Kernel started: 8c549492-e431-4cbb-a79c-f964153ed420
[NotebookApp | INFO] Adapting to protocol v5.1 for kernel 8c549492-e431-4cbb-a79c-f964153ed420
[NotebookApp | WARNING] 404 GET /static/components/MathJax/fonts/HTML-CSS/TeX/otf/MathJax_AMS-Regular.otf (127.0.0.1) 6.76ms referer=http://localhost:8889/notebooks/Bias%20Variance%20Decomposition.ipynb
[NotebookApp | WARNING] 404 GET /static/components/MathJax/fonts/HTML-CSS/TeX/otf/MathJax_Script-Regular.otf (127.0.0.1) 1.19ms referer=http://localhost:8889/notebooks/Bias%20Variance%20Decomposition.ipynb
[NotebookApp | INFO] Saving file at /Bias Variance Decomposition.ipynb
[NotebookApp | INFO] Saving file at /Bias Variance Decomposition.ipynb
[NotebookApp | INFO] Saving file at /Bias Variance Decomposition.ipynb
[NotebookApp | INFO] Saving file at /Bias Variance Decomposition.ipynb
[NotebookApp | INFO] Saving file at /Bias Variance Decomposition.ipynb
[NotebookApp | INFO] Saving file at /Bias Variance Decomposition.ipynb
[NotebookApp | INFO] Saving file at /Bias Variance Decomposition.ipynb
[NotebookApp | INFO] Saving file at /Bias Variance Decomposition.ipynb
[NotebookApp | INFO] Saving file at /Bias Variance Decomposition.ipynb
[NotebookApp | INFO] Saving file at /Bias Variance Decomposition.ipynb
[NotebookApp | INFO] Saving file at /Bias Variance Decomposition.ipynb
[NotebookApp | INFO] Saving file at /Bias Variance Decomposition.ipynb
[NotebookApp | INFO] Saving file at /Bias Variance Decomposition.ipynb
[NotebookApp | INFO] Saving file at /Bias Variance Decomposition.ipynb
[NotebookApp | INFO] Saving file at /Bias Variance Decomposition.ipynb
[NotebookApp | INFO] Saving file at /Bias Variance Decomposition.ipynb
[NotebookApp | INFO] Saving file at /Bias Variance Decomposition.ipynb
[NotebookApp | WARNING] No nbgrader_config.py file found. Rerun with DEBUG log level to see where nbgrader is looking.
[NotebookApp | INFO] Validating '/home/cheng/Desktop/CIS530/CIS535/source/BV/Bias Variance Decomposition.ipynb'
[NotebookApp | INFO] Executing notebook with kernel: python3
[NotebookApp | INFO] Saving file at /Bias Variance Decomposition.ipynb
[NotebookApp | INFO] Starting buffering for 8c549492-e431-4cbb-a79c-f964153ed420:b303db195f734f4783239a2b8dd71c5f
[NotebookApp | INFO] Kernel restarted: 8c549492-e431-4cbb-a79c-f964153ed420
[NotebookApp | INFO] Adapting to protocol v5.1 for kernel 8c549492-e431-4cbb-a79c-f964153ed420
[NotebookApp | INFO] Restoring connection for 8c549492-e431-4cbb-a79c-f964153ed420:b303db195f734f4783239a2b8dd71c5f
[NotebookApp | INFO] Replaying 7 buffered messages
[NotebookApp | INFO] Saving file at /Bias Variance Decomposition.ipynb
[NotebookApp | WARNING] delete /Submission.py
[NotebookApp | INFO] Starting buffering for 8c549492-e431-4cbb-a79c-f964153ed420:b303db195f734f4783239a2b8dd71c5f
