[NotebookApp | WARNING] No nbgrader_config.py file found (rerun with --debug to see where nbgrader is looking)
[NotebookApp | INFO] Loading the validate_assignment nbgrader serverextension
[NotebookApp | INFO] Serving notebooks from local directory: /home/cheng/Desktop/CIS530/CIS537/source/ConvNet
[NotebookApp | INFO] The Jupyter Notebook is running at:
[NotebookApp | INFO] http://localhost:8889/?token=86a3f2e45dce4666dceeefedc3539416dfd89e61d03fb325
[NotebookApp | INFO] Use Control-C to stop this server and shut down all kernels (twice to skip confirmation).
[NotebookApp | CRITICAL] 
    
    To access the notebook, open this file in a browser:
        file:///run/user/1000/jupyter/nbserver-5281-open.html
    Or copy and paste one of these URLs:
        http://localhost:8889/?token=86a3f2e45dce4666dceeefedc3539416dfd89e61d03fb325
[NotebookApp | WARNING] Notebook MNIST Classifier.ipynb is not trusted
[NotebookApp | INFO] Kernel started: d81e00a4-e02a-4461-9bdf-7364db74a31c
[NotebookApp | INFO] Adapting to protocol v5.1 for kernel d81e00a4-e02a-4461-9bdf-7364db74a31c
[NotebookApp | INFO] Saving file at /MNIST Classifier.ipynb
[NotebookApp | WARNING] Notebook MNIST Classifier.ipynb is not trusted
[NotebookApp | INFO] Saving file at /MNIST Classifier.ipynb
[NotebookApp | WARNING] Notebook MNIST Classifier.ipynb is not trusted
[NotebookApp | INFO] Saving file at /MNIST Classifier.ipynb
[NotebookApp | WARNING] Notebook MNIST Classifier.ipynb is not trusted
[NotebookApp | INFO] Saving file at /MNIST Classifier.ipynb
[NotebookApp | WARNING] Notebook MNIST Classifier.ipynb is not trusted
[NotebookApp | INFO] Saving file at /MNIST Classifier.ipynb
[NotebookApp | INFO] Saving file at /MNIST Classifier.ipynb
[NotebookApp | INFO] Saving file at /MNIST Classifier.ipynb
[NotebookApp | INFO] Saving file at /MNIST Classifier.ipynb
[NotebookApp | INFO] Saving file at /MNIST Classifier.ipynb
[NotebookApp | INFO] Saving file at /MNIST Classifier.ipynb
[NotebookApp | INFO] Saving file at /MNIST Classifier.ipynb
[NotebookApp | INFO] Saving file at /MNIST Classifier.ipynb
[NotebookApp | INFO] Starting buffering for d81e00a4-e02a-4461-9bdf-7364db74a31c:6ec911435bab480e84a4ac5dd1fe6031
