[NotebookApp | WARNING] No nbgrader_config.py file found (rerun with --debug to see where nbgrader is looking)
[NotebookApp | INFO] Loading the validate_assignment nbgrader serverextension
[NotebookApp | INFO] Serving notebooks from local directory: /home/codio/workspace
[NotebookApp | INFO] The Jupyter Notebook is running at:
[NotebookApp | INFO] http://(tavern-adrian or 127.0.0.1):3000/
[NotebookApp | INFO] Use Control-C to stop this server and shut down all kernels (twice to skip confirmation).
[NotebookApp | WARNING] Notebook Gradient_Descent.ipynb is not trusted
[NotebookApp | INFO] Kernel started: 2cd14b2d-57ad-4559-bc43-1ceebec1307f
[NotebookApp | INFO] Adapting to protocol v5.1 for kernel 2cd14b2d-57ad-4559-bc43-1ceebec1307f
[NotebookApp | WARNING] 404 GET /static/components/MathJax/fonts/HTML-CSS/TeX/otf/MathJax_Script-Regular.otf (192.168.10.160) 6.97ms referer=https://tavern-adrian-3000.codio.io/notebooks/Gradient_Descent.ipynb
[NotebookApp | INFO] Saving file at /Gradient_Descent.ipynb
[NotebookApp | WARNING] Notebook Gradient_Descent.ipynb is not trusted
[NotebookApp | INFO] Starting buffering for 2cd14b2d-57ad-4559-bc43-1ceebec1307f:a721106495bf43d989b593c53dbd0ed8
[NotebookApp | WARNING] No nbgrader_config.py file found (rerun with --debug to see where nbgrader is looking)
[NotebookApp | INFO] Loading the validate_assignment nbgrader serverextension
[NotebookApp | INFO] Serving notebooks from local directory: /home/codio/workspace
[NotebookApp | INFO] The Jupyter Notebook is running at:
[NotebookApp | INFO] http://(finance-giraffe or 127.0.0.1):3000/
[NotebookApp | INFO] Use Control-C to stop this server and shut down all kernels (twice to skip confirmation).
[NotebookApp | CRITICAL] received signal 15, stopping
[NotebookApp | INFO] Shutting down 0 kernels
[NotebookApp | WARNING] No nbgrader_config.py file found (rerun with --debug to see where nbgrader is looking)
[NotebookApp | INFO] Loading the validate_assignment nbgrader serverextension
[NotebookApp | INFO] Serving notebooks from local directory: /home/codio/workspace
[NotebookApp | INFO] The Jupyter Notebook is running at:
[NotebookApp | INFO] http://(finance-giraffe or 127.0.0.1):3000/
[NotebookApp | INFO] Use Control-C to stop this server and shut down all kernels (twice to skip confirmation).
[NotebookApp | WARNING] Notebook Gradient_Descent.ipynb is not trusted
[NotebookApp | INFO] Kernel started: abc36e91-cf8d-409b-8a78-2ee53fd1f0fe
[NotebookApp | INFO] Adapting to protocol v5.1 for kernel abc36e91-cf8d-409b-8a78-2ee53fd1f0fe
[NotebookApp | WARNING] 404 GET /static/components/MathJax/fonts/HTML-CSS/TeX/otf/MathJax_Script-Regular.otf (192.168.10.160) 7.10ms referer=https://finance-giraffe-3000.codio.io/notebooks/Gradient_Descent.ipynb
[NotebookApp | INFO] Starting buffering for abc36e91-cf8d-409b-8a78-2ee53fd1f0fe:632d141f01e046cc832c6381394fc7cf
[NotebookApp | WARNING] No nbgrader_config.py file found (rerun with --debug to see where nbgrader is looking)
[NotebookApp | INFO] Loading the validate_assignment nbgrader serverextension
[NotebookApp | INFO] Serving notebooks from local directory: /home/codio/workspace
[NotebookApp | INFO] The Jupyter Notebook is running at:
[NotebookApp | INFO] http://(father-storm or 127.0.0.1):3000/
[NotebookApp | INFO] Use Control-C to stop this server and shut down all kernels (twice to skip confirmation).
[NotebookApp | WARNING] Notebook Gradient_Descent.ipynb is not trusted
[NotebookApp | INFO] Kernel started: 065bb4d3-8376-43ec-8b4a-c25233d242eb
[NotebookApp | INFO] Adapting to protocol v5.1 for kernel 065bb4d3-8376-43ec-8b4a-c25233d242eb
[NotebookApp | INFO] Starting buffering for 065bb4d3-8376-43ec-8b4a-c25233d242eb:4d92735b601c46d389cafbd5cfe08056
[NotebookApp | WARNING] 404 GET /static/components/MathJax/fonts/HTML-CSS/TeX/otf/MathJax_Script-Regular.otf (192.168.10.160) 6.82ms referer=https://father-storm-3000.codio.io/notebooks/Gradient_Descent.ipynb
[NotebookApp | WARNING] No nbgrader_config.py file found (rerun with --debug to see where nbgrader is looking)
[NotebookApp | INFO] Loading the validate_assignment nbgrader serverextension
[NotebookApp | INFO] Serving notebooks from local directory: /home/codio/workspace
[NotebookApp | INFO] The Jupyter Notebook is running at:
[NotebookApp | INFO] http://(heavy-buenos or 127.0.0.1):3000/
[NotebookApp | INFO] Use Control-C to stop this server and shut down all kernels (twice to skip confirmation).
[NotebookApp | CRITICAL] received signal 15, stopping
[NotebookApp | INFO] Shutting down 0 kernels
[NotebookApp | WARNING] No nbgrader_config.py file found (rerun with --debug to see where nbgrader is looking)
[NotebookApp | INFO] Loading the validate_assignment nbgrader serverextension
[NotebookApp | INFO] Serving notebooks from local directory: /home/codio/workspace
[NotebookApp | INFO] The Jupyter Notebook is running at:
[NotebookApp | INFO] http://(heavy-buenos or 127.0.0.1):3000/
[NotebookApp | INFO] Use Control-C to stop this server and shut down all kernels (twice to skip confirmation).
[NotebookApp | WARNING] Notebook Gradient_Descent.ipynb is not trusted
[NotebookApp | INFO] Kernel started: fe5bcab9-0dea-42b5-82b6-6a70761fddf4
[NotebookApp | INFO] Adapting to protocol v5.1 for kernel fe5bcab9-0dea-42b5-82b6-6a70761fddf4
[NotebookApp | WARNING] 404 GET /static/components/MathJax/fonts/HTML-CSS/TeX/otf/MathJax_Script-Regular.otf (192.168.10.160) 7.38ms referer=https://heavy-buenos-3000.codio.io/notebooks/Gradient_Descent.ipynb
[NotebookApp | INFO] Saving file at /Gradient_Descent.ipynb
[NotebookApp | WARNING] Notebook Gradient_Descent.ipynb is not trusted
[NotebookApp | INFO] Starting buffering for fe5bcab9-0dea-42b5-82b6-6a70761fddf4:b8053485a92746a09e40b46ccba70f71
[NotebookApp | CRITICAL] received signal 15, stopping
[NotebookApp | INFO] Shutting down 1 kernel
[NotebookApp | INFO] Kernel shutdown: fe5bcab9-0dea-42b5-82b6-6a70761fddf4
[NotebookApp | WARNING] No nbgrader_config.py file found (rerun with --debug to see where nbgrader is looking)
[NotebookApp | INFO] Loading the validate_assignment nbgrader serverextension
[NotebookApp | INFO] Serving notebooks from local directory: /home/codio/workspace
[NotebookApp | INFO] The Jupyter Notebook is running at:
[NotebookApp | INFO] http://(heavy-buenos or 127.0.0.1):3000/
[NotebookApp | INFO] Use Control-C to stop this server and shut down all kernels (twice to skip confirmation).
[NotebookApp | WARNING] Notebook Gradient_Descent.ipynb is not trusted
[NotebookApp | INFO] Kernel started: cb3e98a2-f90f-4f9b-9818-74898a203f2d
[NotebookApp | INFO] Adapting to protocol v5.1 for kernel cb3e98a2-f90f-4f9b-9818-74898a203f2d
[NotebookApp | WARNING] 404 GET /static/components/MathJax/fonts/HTML-CSS/TeX/otf/MathJax_Script-Regular.otf (192.168.10.212) 6.68ms referer=https://heavy-buenos-3000.codio.io/notebooks/Gradient_Descent.ipynb
[NotebookApp | INFO] Saving file at /Gradient_Descent.ipynb
[NotebookApp | INFO] Saving file at /Gradient_Descent.ipynb
[NotebookApp | WARNING] No nbgrader_config.py file found (rerun with --debug to see where nbgrader is looking)
[NotebookApp | INFO] Loading the validate_assignment nbgrader serverextension
[NotebookApp | INFO] Serving notebooks from local directory: /home/codio/workspace
[NotebookApp | INFO] The Jupyter Notebook is running at:
[NotebookApp | INFO] http://(ginger-ground or 127.0.0.1):3000/
[NotebookApp | INFO] Use Control-C to stop this server and shut down all kernels (twice to skip confirmation).
[NotebookApp | WARNING] 404 GET /api/contents/Gradient_Descent.ipynb?type=notebook&_=1559107319255 (192.168.10.160): No such file or directory: Gradient_Descent.ipynb
[NotebookApp | WARNING] No such file or directory: Gradient_Descent.ipynb
[NotebookApp | WARNING] 404 GET /api/contents/Gradient_Descent.ipynb?type=notebook&_=1559107319255 (192.168.10.160) 0.91ms referer=https://ginger-ground-3000.codio.io/notebooks/Gradient_Descent.ipynb
[NotebookApp | WARNING] Notebook Email_Spam_Classifier.ipynb is not trusted
[NotebookApp | INFO] Kernel started: affab38d-e302-4818-b9bd-58ccb367e42f
[NotebookApp | INFO] Adapting to protocol v5.1 for kernel affab38d-e302-4818-b9bd-58ccb367e42f
[NotebookApp | INFO] Starting buffering for affab38d-e302-4818-b9bd-58ccb367e42f:ed613413f7834b08aafa8ae07973bf02
[NotebookApp | WARNING] Notebook Email_Spam_Classifier.ipynb is not trusted
[NotebookApp | INFO] Adapting to protocol v5.1 for kernel affab38d-e302-4818-b9bd-58ccb367e42f
[NotebookApp | WARNING] 404 GET /static/components/MathJax/fonts/HTML-CSS/TeX/otf/MathJax_Script-Regular.otf (192.168.10.205) 6.41ms referer=https://ginger-ground-3000.codio.io/notebooks/Email_Spam_Classifier.ipynb
[NotebookApp | INFO] Saving file at /Email_Spam_Classifier.ipynb
[NotebookApp | INFO] Starting buffering for affab38d-e302-4818-b9bd-58ccb367e42f:d9a0eecf6ee544669a882006cfe5dbe5
[NotebookApp | INFO] Adapting to protocol v5.1 for kernel affab38d-e302-4818-b9bd-58ccb367e42f
[NotebookApp | INFO] Starting buffering for affab38d-e302-4818-b9bd-58ccb367e42f:def2bd81c6484766b1e7de8b3397762c
[NotebookApp | INFO] Adapting to protocol v5.1 for kernel affab38d-e302-4818-b9bd-58ccb367e42f
[NotebookApp | WARNING] 404 GET /static/components/MathJax/fonts/HTML-CSS/TeX/otf/MathJax_Script-Regular.otf (192.168.10.205) 1.29ms referer=https://ginger-ground-3000.codio.io/notebooks/Email_Spam_Classifier.ipynb
[NotebookApp | INFO] Starting buffering for affab38d-e302-4818-b9bd-58ccb367e42f:4d0190cb0fb144d5bab968a8162ceb9d
[NotebookApp | INFO] Kernel restarted: affab38d-e302-4818-b9bd-58ccb367e42f
[NotebookApp | INFO] Adapting to protocol v5.1 for kernel affab38d-e302-4818-b9bd-58ccb367e42f
[NotebookApp | INFO] Restoring connection for affab38d-e302-4818-b9bd-58ccb367e42f:4d0190cb0fb144d5bab968a8162ceb9d
[NotebookApp | INFO] Replaying 6 buffered messages
[NotebookApp | INFO] Saving file at /Email_Spam_Classifier.ipynb
[NotebookApp | INFO] Saving file at /Email_Spam_Classifier.ipynb
[NotebookApp | INFO] Saving file at /Email_Spam_Classifier.ipynb
[NotebookApp | INFO] Saving file at /Email_Spam_Classifier.ipynb
[NotebookApp | INFO] Saving file at /Email_Spam_Classifier.ipynb
[NotebookApp | INFO] Saving file at /Email_Spam_Classifier.ipynb
[NotebookApp | INFO] Saving file at /Email_Spam_Classifier.ipynb
[NotebookApp | INFO] Saving file at /Email_Spam_Classifier.ipynb
[NotebookApp | INFO] Saving file at /Email_Spam_Classifier.ipynb
[NotebookApp | INFO] Saving file at /Email_Spam_Classifier.ipynb
[NotebookApp | INFO] Starting buffering for affab38d-e302-4818-b9bd-58ccb367e42f:4d0190cb0fb144d5bab968a8162ceb9d
[NotebookApp | INFO] Adapting to protocol v5.1 for kernel affab38d-e302-4818-b9bd-58ccb367e42f
[NotebookApp | INFO] Starting buffering for affab38d-e302-4818-b9bd-58ccb367e42f:b609d8a9aca84bbe88c63032ee59bb5d
[NotebookApp | INFO] Kernel restarted: affab38d-e302-4818-b9bd-58ccb367e42f
[NotebookApp | INFO] Adapting to protocol v5.1 for kernel affab38d-e302-4818-b9bd-58ccb367e42f
[NotebookApp | INFO] Restoring connection for affab38d-e302-4818-b9bd-58ccb367e42f:b609d8a9aca84bbe88c63032ee59bb5d
[NotebookApp | INFO] Replaying 6 buffered messages
[NotebookApp | WARNING] 404 GET /static/components/MathJax/fonts/HTML-CSS/TeX/otf/MathJax_Script-Regular.otf (192.168.10.160) 1.53ms referer=https://ginger-ground-3000.codio.io/notebooks/Email_Spam_Classifier.ipynb
[NotebookApp | INFO] Saving file at /Email_Spam_Classifier.ipynb
[NotebookApp | INFO] Saving file at /Email_Spam_Classifier.ipynb
[NotebookApp | INFO] Saving file at /Email_Spam_Classifier.ipynb
[NotebookApp | INFO] Starting buffering for affab38d-e302-4818-b9bd-58ccb367e42f:b609d8a9aca84bbe88c63032ee59bb5d
[NotebookApp | INFO] Adapting to protocol v5.1 for kernel affab38d-e302-4818-b9bd-58ccb367e42f
[NotebookApp | WARNING] 404 GET /static/components/MathJax/fonts/HTML-CSS/TeX/otf/MathJax_Script-Regular.otf (192.168.10.160) 1.16ms referer=https://ginger-ground-3000.codio.io/notebooks/Email_Spam_Classifier.ipynb
[NotebookApp | INFO] Starting buffering for affab38d-e302-4818-b9bd-58ccb367e42f:33e679d9380b40c582e22f8c8352f12a
[NotebookApp | INFO] Kernel restarted: affab38d-e302-4818-b9bd-58ccb367e42f
[NotebookApp | INFO] Adapting to protocol v5.1 for kernel affab38d-e302-4818-b9bd-58ccb367e42f
[NotebookApp | INFO] Restoring connection for affab38d-e302-4818-b9bd-58ccb367e42f:33e679d9380b40c582e22f8c8352f12a
[NotebookApp | INFO] Replaying 6 buffered messages
[NotebookApp | INFO] Saving file at /Email_Spam_Classifier.ipynb
[NotebookApp | INFO] Starting buffering for affab38d-e302-4818-b9bd-58ccb367e42f:33e679d9380b40c582e22f8c8352f12a
[NotebookApp | INFO] Adapting to protocol v5.1 for kernel affab38d-e302-4818-b9bd-58ccb367e42f
[NotebookApp | INFO] Starting buffering for affab38d-e302-4818-b9bd-58ccb367e42f:1f85d04628714dc087905901f1fae671
[NotebookApp | CRITICAL] received signal 15, stopping
[NotebookApp | INFO] Shutting down 1 kernel
[NotebookApp | INFO] Kernel shutdown: affab38d-e302-4818-b9bd-58ccb367e42f
[NotebookApp | WARNING] No nbgrader_config.py file found (rerun with --debug to see where nbgrader is looking)
[NotebookApp | INFO] Loading the validate_assignment nbgrader serverextension
[NotebookApp | INFO] Serving notebooks from local directory: /home/codio/workspace
[NotebookApp | INFO] The Jupyter Notebook is running at:
[NotebookApp | INFO] http://(ginger-ground or 127.0.0.1):3000/
[NotebookApp | INFO] Use Control-C to stop this server and shut down all kernels (twice to skip confirmation).
[NotebookApp | INFO] Kernel started: c8757cb8-55a1-4df0-b6b4-c2c3d48ae0b4
[NotebookApp | INFO] Adapting to protocol v5.1 for kernel c8757cb8-55a1-4df0-b6b4-c2c3d48ae0b4
[NotebookApp | WARNING] 404 GET /static/components/MathJax/fonts/HTML-CSS/TeX/otf/MathJax_Script-Regular.otf (192.168.10.212) 6.60ms referer=https://ginger-ground-3000.codio.io/notebooks/Email_Spam_Classifier.ipynb
[NotebookApp | CRITICAL] received signal 15, stopping
[NotebookApp | INFO] Shutting down 1 kernel
[NotebookApp | INFO] Kernel shutdown: c8757cb8-55a1-4df0-b6b4-c2c3d48ae0b4
[NotebookApp | WARNING] No nbgrader_config.py file found (rerun with --debug to see where nbgrader is looking)
[NotebookApp | INFO] Loading the validate_assignment nbgrader serverextension
[NotebookApp | INFO] Serving notebooks from local directory: /home/codio/workspace
[NotebookApp | INFO] The Jupyter Notebook is running at:
[NotebookApp | INFO] http://(ginger-ground or 127.0.0.1):3000/
[NotebookApp | INFO] Use Control-C to stop this server and shut down all kernels (twice to skip confirmation).
[NotebookApp | INFO] Kernel started: bf3380c7-8f2e-4b97-9bef-b9292fc49904
[NotebookApp | INFO] Adapting to protocol v5.1 for kernel bf3380c7-8f2e-4b97-9bef-b9292fc49904
[NotebookApp | WARNING] 404 GET /static/components/MathJax/fonts/HTML-CSS/TeX/otf/MathJax_Script-Regular.otf (192.168.10.205) 6.64ms referer=https://ginger-ground-3000.codio.io/notebooks/Email_Spam_Classifier.ipynb
[NotebookApp | INFO] Saving file at /Email_Spam_Classifier.ipynb
[NotebookApp | INFO] Starting buffering for bf3380c7-8f2e-4b97-9bef-b9292fc49904:e871cbc7c97d47d88e14123d5c7f469d
[NotebookApp | INFO] Adapting to protocol v5.1 for kernel bf3380c7-8f2e-4b97-9bef-b9292fc49904
[NotebookApp | WARNING] 404 GET /static/components/MathJax/fonts/HTML-CSS/TeX/otf/MathJax_Script-Regular.otf (192.168.10.212) 1.15ms referer=https://ginger-ground-3000.codio.io/notebooks/Email_Spam_Classifier.ipynb
[NotebookApp | INFO] Saving file at /Email_Spam_Classifier.ipynb
[NotebookApp | INFO] Saving file at /Email_Spam_Classifier.ipynb
[NotebookApp | INFO] Starting buffering for bf3380c7-8f2e-4b97-9bef-b9292fc49904:0ae3f8a3063f4c72bc61222e297d590d
[NotebookApp | CRITICAL] received signal 15, stopping
[NotebookApp | INFO] Shutting down 1 kernel
[NotebookApp | INFO] Kernel shutdown: bf3380c7-8f2e-4b97-9bef-b9292fc49904
[NotebookApp | WARNING] No nbgrader_config.py file found (rerun with --debug to see where nbgrader is looking)
[NotebookApp | INFO] Loading the validate_assignment nbgrader serverextension
[NotebookApp | INFO] Serving notebooks from local directory: /home/codio/workspace
[NotebookApp | INFO] The Jupyter Notebook is running at:
[NotebookApp | INFO] http://(ginger-ground or 127.0.0.1):3000/
[NotebookApp | INFO] Use Control-C to stop this server and shut down all kernels (twice to skip confirmation).
[NotebookApp | INFO] Kernel started: bd312a5c-d1fc-4fd8-a0ce-906328c15de8
[NotebookApp | INFO] Adapting to protocol v5.1 for kernel bd312a5c-d1fc-4fd8-a0ce-906328c15de8
[NotebookApp | WARNING] 404 GET /static/components/MathJax/fonts/HTML-CSS/TeX/otf/MathJax_Script-Regular.otf (192.168.10.212) 6.83ms referer=https://ginger-ground-3000.codio.io/notebooks/Email_Spam_Classifier.ipynb
[NotebookApp | INFO] Starting buffering for bd312a5c-d1fc-4fd8-a0ce-906328c15de8:fee7d6f5247b43f6816468db62145fc7
[NotebookApp | INFO] Adapting to protocol v5.1 for kernel bd312a5c-d1fc-4fd8-a0ce-906328c15de8
[NotebookApp | INFO] Starting buffering for bd312a5c-d1fc-4fd8-a0ce-906328c15de8:a421d2dced0e43f785066942713f1383
[NotebookApp | WARNING] Notebook Email_Spam_Classifier.ipynb is not trusted
[NotebookApp | INFO] Adapting to protocol v5.1 for kernel bd312a5c-d1fc-4fd8-a0ce-906328c15de8
[NotebookApp | WARNING] 404 GET /static/components/MathJax/fonts/HTML-CSS/TeX/otf/MathJax_Script-Regular.otf (192.168.10.160) 1.36ms referer=https://ginger-ground-3000.codio.io/notebooks/Email_Spam_Classifier.ipynb
[NotebookApp | INFO] Saving file at /Email_Spam_Classifier.ipynb
[NotebookApp | WARNING] Notebook Email_Spam_Classifier.ipynb is not trusted
[NotebookApp | WARNING] No nbgrader_config.py file found. Rerun with DEBUG log level to see where nbgrader is looking.
[NotebookApp | INFO] Validating '/home/codio/workspace/Email_Spam_Classifier.ipynb'
[NotebookApp | INFO] Executing notebook with kernel: python3
[NotebookApp | INFO] Starting buffering for bd312a5c-d1fc-4fd8-a0ce-906328c15de8:8a9a56c736ad42e6b7996f8f05937027
[NotebookApp | CRITICAL] received signal 15, stopping
[NotebookApp | INFO] Shutting down 1 kernel
[NotebookApp | INFO] Kernel shutdown: bd312a5c-d1fc-4fd8-a0ce-906328c15de8
[NotebookApp | WARNING] No nbgrader_config.py file found (rerun with --debug to see where nbgrader is looking)
[NotebookApp | INFO] Loading the validate_assignment nbgrader serverextension
[NotebookApp | INFO] Serving notebooks from local directory: /home/codio/workspace
[NotebookApp | INFO] The Jupyter Notebook is running at:
[NotebookApp | INFO] http://(cantina-avatar or 127.0.0.1):3000/
[NotebookApp | INFO] Use Control-C to stop this server and shut down all kernels (twice to skip confirmation).
[NotebookApp | CRITICAL] received signal 15, stopping
[NotebookApp | INFO] Shutting down 0 kernels
[NotebookApp | WARNING] No nbgrader_config.py file found (rerun with --debug to see where nbgrader is looking)
[NotebookApp | INFO] Loading the validate_assignment nbgrader serverextension
[NotebookApp | INFO] Serving notebooks from local directory: /home/codio/workspace
[NotebookApp | INFO] The Jupyter Notebook is running at:
[NotebookApp | INFO] http://(cantina-avatar or 127.0.0.1):3000/
[NotebookApp | INFO] Use Control-C to stop this server and shut down all kernels (twice to skip confirmation).
[NotebookApp | WARNING] Notebook Email_Spam_Classifier.ipynb is not trusted
[NotebookApp | INFO] Kernel started: 1432411a-e138-4809-93e7-f09c4317885c
[NotebookApp | INFO] Adapting to protocol v5.1 for kernel 1432411a-e138-4809-93e7-f09c4317885c
[NotebookApp | WARNING] 404 GET /static/components/MathJax/fonts/HTML-CSS/TeX/otf/MathJax_Script-Regular.otf (192.168.10.212) 6.60ms referer=https://cantina-avatar-3000.codio.io/notebooks/Email_Spam_Classifier.ipynb
[NotebookApp | WARNING] Notebook .ipynb_checkpoints/Email_Spam_Classifier-checkpoint.ipynb is not trusted
[NotebookApp | INFO] Kernel started: e1657216-a14c-49b7-975e-1dcc9b50216c
[NotebookApp | INFO] Adapting to protocol v5.1 for kernel e1657216-a14c-49b7-975e-1dcc9b50216c
[NotebookApp | WARNING] 404 GET /static/components/MathJax/fonts/HTML-CSS/TeX/otf/MathJax_Script-Regular.otf (192.168.10.205) 1.46ms referer=https://cantina-avatar-3000.codio.io/notebooks/.ipynb_checkpoints/Email_Spam_Classifier-checkpoint.ipynb
[NotebookApp | INFO] Starting buffering for e1657216-a14c-49b7-975e-1dcc9b50216c:c2f87c9a8eda4f4f85b2558016f8da5d
[NotebookApp | INFO] Starting buffering for 1432411a-e138-4809-93e7-f09c4317885c:a925fbfac9cb4d9a84149a2403e25e71
[NotebookApp | CRITICAL] received signal 15, stopping
[NotebookApp | INFO] Shutting down 2 kernels
[NotebookApp | INFO] Kernel shutdown: 1432411a-e138-4809-93e7-f09c4317885c
[NotebookApp | INFO] Kernel shutdown: e1657216-a14c-49b7-975e-1dcc9b50216c
[NotebookApp | WARNING] No nbgrader_config.py file found (rerun with --debug to see where nbgrader is looking)
[NotebookApp | INFO] Loading the validate_assignment nbgrader serverextension
[NotebookApp | INFO] Serving notebooks from local directory: /home/codio/workspace
[NotebookApp | INFO] The Jupyter Notebook is running at:
[NotebookApp | INFO] http://(cantina-avatar or 127.0.0.1):3000/
[NotebookApp | INFO] Use Control-C to stop this server and shut down all kernels (twice to skip confirmation).
[NotebookApp | CRITICAL] received signal 15, stopping
[NotebookApp | INFO] Shutting down 0 kernels
[NotebookApp | WARNING] No nbgrader_config.py file found (rerun with --debug to see where nbgrader is looking)
[NotebookApp | INFO] Loading the validate_assignment nbgrader serverextension
[NotebookApp | INFO] Serving notebooks from local directory: /home/codio/workspace
[NotebookApp | INFO] The Jupyter Notebook is running at:
[NotebookApp | INFO] http://(cantina-avatar or 127.0.0.1):3000/
[NotebookApp | INFO] Use Control-C to stop this server and shut down all kernels (twice to skip confirmation).
[NotebookApp | WARNING] Notebook Email_Spam_Classifier.ipynb is not trusted
[NotebookApp | INFO] Kernel started: 34fa91bd-01ca-48c7-a25c-1ae8d5dacee5
[NotebookApp | INFO] Adapting to protocol v5.1 for kernel 34fa91bd-01ca-48c7-a25c-1ae8d5dacee5
[NotebookApp | WARNING] 404 GET /static/components/MathJax/fonts/HTML-CSS/TeX/otf/MathJax_Script-Regular.otf (192.168.10.160) 5.95ms referer=https://cantina-avatar-3000.codio.io/notebooks/Email_Spam_Classifier.ipynb
[NotebookApp | INFO] Starting buffering for 34fa91bd-01ca-48c7-a25c-1ae8d5dacee5:1c6527acf60847028e0c60f9c8d5d060
[NotebookApp | CRITICAL] received signal 15, stopping
[NotebookApp | INFO] Shutting down 1 kernel
[NotebookApp | INFO] Kernel shutdown: 34fa91bd-01ca-48c7-a25c-1ae8d5dacee5
[NotebookApp | WARNING] No nbgrader_config.py file found (rerun with --debug to see where nbgrader is looking)
[NotebookApp | INFO] Loading the validate_assignment nbgrader serverextension
[NotebookApp | INFO] Serving notebooks from local directory: /home/codio/workspace
[NotebookApp | INFO] The Jupyter Notebook is running at:
[NotebookApp | INFO] http://(cantina-avatar or 127.0.0.1):3000/
[NotebookApp | INFO] Use Control-C to stop this server and shut down all kernels (twice to skip confirmation).
[NotebookApp | WARNING] Notebook Email_Spam_Classifier.ipynb is not trusted
[NotebookApp | INFO] Kernel started: 346a9f52-cb4a-4289-93ea-5daf9f60a4fc
[NotebookApp | INFO] Adapting to protocol v5.1 for kernel 346a9f52-cb4a-4289-93ea-5daf9f60a4fc
[NotebookApp | WARNING] 404 GET /static/components/MathJax/fonts/HTML-CSS/TeX/otf/MathJax_Script-Regular.otf (192.168.10.212) 6.71ms referer=https://cantina-avatar-3000.codio.io/notebooks/Email_Spam_Classifier.ipynb
[NotebookApp | INFO] Starting buffering for 346a9f52-cb4a-4289-93ea-5daf9f60a4fc:3e8df7f596d74809896b5f12bf6704fd
[NotebookApp | WARNING] Notebook Email_Spam_Classifier.ipynb is not trusted
[NotebookApp | INFO] Adapting to protocol v5.1 for kernel 346a9f52-cb4a-4289-93ea-5daf9f60a4fc
[NotebookApp | WARNING] 404 GET /static/components/MathJax/fonts/HTML-CSS/TeX/otf/MathJax_Script-Regular.otf (192.168.10.205) 1.15ms referer=https://cantina-avatar-3000.codio.io/notebooks/Email_Spam_Classifier.ipynb
[NotebookApp | INFO] Saving file at /Email_Spam_Classifier.ipynb
[NotebookApp | WARNING] Notebook Email_Spam_Classifier.ipynb is not trusted
[NotebookApp | INFO] Starting buffering for 346a9f52-cb4a-4289-93ea-5daf9f60a4fc:5c36a0c137bf44738c966b135dfcf316
[NotebookApp | CRITICAL] received signal 15, stopping
[NotebookApp | INFO] Shutting down 1 kernel
[NotebookApp | INFO] Kernel shutdown: 346a9f52-cb4a-4289-93ea-5daf9f60a4fc
[NotebookApp | WARNING] No nbgrader_config.py file found (rerun with --debug to see where nbgrader is looking)
[NotebookApp | INFO] Loading the validate_assignment nbgrader serverextension
[NotebookApp | INFO] Serving notebooks from local directory: /home/codio/workspace
[NotebookApp | INFO] The Jupyter Notebook is running at:
[NotebookApp | INFO] http://(cantina-avatar or 127.0.0.1):3000/
[NotebookApp | INFO] Use Control-C to stop this server and shut down all kernels (twice to skip confirmation).
[NotebookApp | CRITICAL] received signal 15, stopping
[NotebookApp | INFO] Shutting down 0 kernels
[NotebookApp | WARNING] No nbgrader_config.py file found (rerun with --debug to see where nbgrader is looking)
[NotebookApp | INFO] Loading the validate_assignment nbgrader serverextension
[NotebookApp | INFO] Serving notebooks from local directory: /home/codio/workspace
[NotebookApp | INFO] The Jupyter Notebook is running at:
[NotebookApp | INFO] http://(cantina-avatar or 127.0.0.1):3000/
[NotebookApp | INFO] Use Control-C to stop this server and shut down all kernels (twice to skip confirmation).
[NotebookApp | WARNING] Notebook Email_Spam_Classifier.ipynb is not trusted
[NotebookApp | INFO] Kernel started: 82e139de-6309-40b1-81d9-b8e875977c8d
[NotebookApp | INFO] Adapting to protocol v5.1 for kernel 82e139de-6309-40b1-81d9-b8e875977c8d
[NotebookApp | WARNING] 404 GET /static/components/MathJax/fonts/HTML-CSS/TeX/otf/MathJax_Script-Regular.otf (192.168.10.212) 6.63ms referer=https://cantina-avatar-3000.codio.io/notebooks/Email_Spam_Classifier.ipynb
[NotebookApp | INFO] Saving file at /Email_Spam_Classifier.ipynb
[NotebookApp | WARNING] Notebook Email_Spam_Classifier.ipynb is not trusted
[NotebookApp | WARNING] WebSocket ping timeout after 119850 ms.
[NotebookApp | INFO] Starting buffering for 82e139de-6309-40b1-81d9-b8e875977c8d:c841cfb6836e4c198ef1a6675de754cf
[NotebookApp | WARNING] Notebook Email_Spam_Classifier.ipynb is not trusted
[NotebookApp | INFO] Adapting to protocol v5.1 for kernel 82e139de-6309-40b1-81d9-b8e875977c8d
[NotebookApp | WARNING] 404 GET /static/components/MathJax/fonts/HTML-CSS/TeX/otf/MathJax_Script-Regular.otf (192.168.10.160) 1.30ms referer=https://cantina-avatar-3000.codio.io/notebooks/Email_Spam_Classifier.ipynb
[NotebookApp | WARNING] No nbgrader_config.py file found (rerun with --debug to see where nbgrader is looking)
[NotebookApp | INFO] Loading the validate_assignment nbgrader serverextension
[NotebookApp | INFO] Serving notebooks from local directory: /home/codio/workspace
[NotebookApp | INFO] The Jupyter Notebook is running at:
[NotebookApp | INFO] http://(prosper-lucas or 127.0.0.1):3000/
[NotebookApp | INFO] Use Control-C to stop this server and shut down all kernels (twice to skip confirmation).
[NotebookApp | WARNING] Notebook logistic_loss.ipynb is not trusted
[NotebookApp | INFO] Kernel started: 11d552f5-e5bd-4707-9e89-ee4131531107
[NotebookApp | INFO] Adapting to protocol v5.1 for kernel 11d552f5-e5bd-4707-9e89-ee4131531107
[NotebookApp | INFO] Saving file at /logistic_loss.ipynb
[NotebookApp | WARNING] Notebook logistic_loss.ipynb is not trusted
[NotebookApp | INFO] Saving file at /logistic_loss.ipynb
[NotebookApp | WARNING] Notebook logistic_loss.ipynb is not trusted
[NotebookApp | INFO] Saving file at /logistic_loss.ipynb
[NotebookApp | WARNING] Notebook logistic_loss.ipynb is not trusted
[NotebookApp | INFO] Saving file at /logistic_loss.ipynb
[NotebookApp | WARNING] Notebook logistic_loss.ipynb is not trusted
[NotebookApp | INFO] Saving file at /logistic_loss.ipynb
[NotebookApp | WARNING] Notebook logistic_loss.ipynb is not trusted
[NotebookApp | INFO] Saving file at /logistic_loss.ipynb
[NotebookApp | WARNING] Notebook logistic_loss.ipynb is not trusted
[NotebookApp | INFO] Saving file at /logistic_loss.ipynb
[NotebookApp | WARNING] Notebook logistic_loss.ipynb is not trusted
[NotebookApp | INFO] Saving file at /logistic_loss.ipynb
[NotebookApp | WARNING] Notebook logistic_loss.ipynb is not trusted
[NotebookApp | WARNING] WebSocket ping timeout after 119949 ms.
[NotebookApp | INFO] Starting buffering for 11d552f5-e5bd-4707-9e89-ee4131531107:6faf4a1dc6464a5a8cc442f761f7caf1
[NotebookApp | CRITICAL] received signal 15, stopping
[NotebookApp | INFO] Shutting down 1 kernel
[NotebookApp | INFO] Kernel shutdown: 11d552f5-e5bd-4707-9e89-ee4131531107
[NotebookApp | WARNING] No nbgrader_config.py file found (rerun with --debug to see where nbgrader is looking)
[NotebookApp | INFO] Loading the validate_assignment nbgrader serverextension
[NotebookApp | INFO] Serving notebooks from local directory: /home/codio/workspace
[NotebookApp | INFO] The Jupyter Notebook is running at:
[NotebookApp | INFO] http://(prosper-lucas or 127.0.0.1):3000/
[NotebookApp | INFO] Use Control-C to stop this server and shut down all kernels (twice to skip confirmation).
[NotebookApp | WARNING] Notebook logistic_loss.ipynb is not trusted
[NotebookApp | INFO] Kernel started: 7e9c1417-2f3c-447b-9567-a1f32b239901
[NotebookApp | INFO] Adapting to protocol v5.1 for kernel 7e9c1417-2f3c-447b-9567-a1f32b239901
[NotebookApp | INFO] Saving file at /logistic_loss.ipynb
[NotebookApp | WARNING] Notebook logistic_loss.ipynb is not trusted
[NotebookApp | INFO] Saving file at /logistic_loss.ipynb
[NotebookApp | WARNING] Notebook logistic_loss.ipynb is not trusted
[NotebookApp | INFO] Saving file at /logistic_loss.ipynb
[NotebookApp | WARNING] Notebook logistic_loss.ipynb is not trusted
[NotebookApp | INFO] Saving file at /logistic_loss.ipynb
[NotebookApp | WARNING] Notebook logistic_loss.ipynb is not trusted
[NotebookApp | INFO] Saving file at /logistic_loss.ipynb
[NotebookApp | WARNING] Notebook logistic_loss.ipynb is not trusted
[NotebookApp | INFO] Saving file at /logistic_loss.ipynb
[NotebookApp | WARNING] Notebook logistic_loss.ipynb is not trusted
[NotebookApp | INFO] Saving file at /logistic_loss.ipynb
[NotebookApp | WARNING] Notebook logistic_loss.ipynb is not trusted
[NotebookApp | INFO] Saving file at /logistic_loss.ipynb
[NotebookApp | WARNING] Notebook logistic_loss.ipynb is not trusted
[NotebookApp | INFO] Saving file at /logistic_loss.ipynb
[NotebookApp | WARNING] Notebook logistic_loss.ipynb is not trusted
[NotebookApp | INFO] Saving file at /logistic_loss.ipynb
[NotebookApp | WARNING] Notebook logistic_loss.ipynb is not trusted
[NotebookApp | INFO] Saving file at /logistic_loss.ipynb
[NotebookApp | WARNING] Notebook logistic_loss.ipynb is not trusted
[NotebookApp | INFO] Saving file at /logistic_loss.ipynb
[NotebookApp | WARNING] Notebook logistic_loss.ipynb is not trusted
[NotebookApp | INFO] Saving file at /logistic_loss.ipynb
[NotebookApp | WARNING] Notebook logistic_loss.ipynb is not trusted
[NotebookApp | INFO] Saving file at /logistic_loss.ipynb
[NotebookApp | WARNING] Notebook logistic_loss.ipynb is not trusted
[NotebookApp | INFO] Saving file at /logistic_loss.ipynb
[NotebookApp | WARNING] Notebook logistic_loss.ipynb is not trusted
[NotebookApp | INFO] Saving file at /logistic_loss.ipynb
[NotebookApp | WARNING] Notebook logistic_loss.ipynb is not trusted
[NotebookApp | INFO] Saving file at /logistic_loss.ipynb
[NotebookApp | WARNING] Notebook logistic_loss.ipynb is not trusted
[NotebookApp | INFO] Saving file at /logistic_loss.ipynb
[NotebookApp | WARNING] Notebook logistic_loss.ipynb is not trusted
[NotebookApp | INFO] Saving file at /logistic_loss.ipynb
[NotebookApp | WARNING] Notebook logistic_loss.ipynb is not trusted
[NotebookApp | INFO] Saving file at /logistic_loss.ipynb
[NotebookApp | WARNING] Notebook logistic_loss.ipynb is not trusted
[NotebookApp | INFO] Saving file at /logistic_loss.ipynb
[NotebookApp | WARNING] Notebook logistic_loss.ipynb is not trusted
[NotebookApp | WARNING] WebSocket ping timeout after 119909 ms.
[NotebookApp | INFO] Starting buffering for 7e9c1417-2f3c-447b-9567-a1f32b239901:e28c611e33c34b14840a3e84021960f3
[NotebookApp | INFO] Saving file at /logistic_loss.ipynb
[NotebookApp | WARNING] Notebook logistic_loss.ipynb is not trusted
[NotebookApp | INFO] Adapting to protocol v5.1 for kernel 7e9c1417-2f3c-447b-9567-a1f32b239901
[NotebookApp | INFO] Restoring connection for 7e9c1417-2f3c-447b-9567-a1f32b239901:e28c611e33c34b14840a3e84021960f3
[NotebookApp | INFO] Saving file at /logistic_loss.ipynb
[NotebookApp | WARNING] Notebook logistic_loss.ipynb is not trusted
[NotebookApp | INFO] Saving file at /logistic_loss.ipynb
[NotebookApp | WARNING] Notebook logistic_loss.ipynb is not trusted
[NotebookApp | INFO] Saving file at /logistic_loss.ipynb
[NotebookApp | WARNING] Notebook logistic_loss.ipynb is not trusted
[NotebookApp | INFO] Saving file at /logistic_loss.ipynb
[NotebookApp | WARNING] Notebook logistic_loss.ipynb is not trusted
[NotebookApp | INFO] Saving file at /logistic_loss.ipynb
[NotebookApp | WARNING] Notebook logistic_loss.ipynb is not trusted
[NotebookApp | INFO] Saving file at /logistic_loss.ipynb
[NotebookApp | WARNING] Notebook logistic_loss.ipynb is not trusted
[NotebookApp | INFO] Saving file at /logistic_loss.ipynb
[NotebookApp | WARNING] Notebook logistic_loss.ipynb is not trusted
[NotebookApp | INFO] Saving file at /logistic_loss.ipynb
[NotebookApp | WARNING] Notebook logistic_loss.ipynb is not trusted
[NotebookApp | INFO] Saving file at /logistic_loss.ipynb
[NotebookApp | WARNING] Notebook logistic_loss.ipynb is not trusted
[NotebookApp | INFO] Saving file at /logistic_loss.ipynb
[NotebookApp | WARNING] Notebook logistic_loss.ipynb is not trusted
[NotebookApp | INFO] Saving file at /logistic_loss.ipynb
[NotebookApp | WARNING] Notebook logistic_loss.ipynb is not trusted
[NotebookApp | INFO] Saving file at /logistic_loss.ipynb
[NotebookApp | INFO] Saving file at /logistic_loss.ipynb
[NotebookApp | INFO] Saving file at /logistic_loss.ipynb
[NotebookApp | INFO] Saving file at /logistic_loss.ipynb
[NotebookApp | INFO] Saving file at /logistic_loss.ipynb
[NotebookApp | INFO] Starting buffering for 7e9c1417-2f3c-447b-9567-a1f32b239901:e28c611e33c34b14840a3e84021960f3
[NotebookApp | INFO] Adapting to protocol v5.1 for kernel 7e9c1417-2f3c-447b-9567-a1f32b239901
[NotebookApp | INFO] Saving file at /logistic_loss.ipynb
[NotebookApp | INFO] Saving file at /logistic_loss.ipynb
[NotebookApp | INFO] Starting buffering for 7e9c1417-2f3c-447b-9567-a1f32b239901:cf5f35fcd256477a88e42fb05b636bc8
[NotebookApp | INFO] Kernel restarted: 7e9c1417-2f3c-447b-9567-a1f32b239901
[NotebookApp | INFO] Adapting to protocol v5.1 for kernel 7e9c1417-2f3c-447b-9567-a1f32b239901
[NotebookApp | INFO] Restoring connection for 7e9c1417-2f3c-447b-9567-a1f32b239901:cf5f35fcd256477a88e42fb05b636bc8
[NotebookApp | INFO] Replaying 6 buffered messages
[NotebookApp | INFO] Saving file at /logistic_loss.ipynb
[NotebookApp | INFO] Saving file at /logistic_loss.ipynb
[NotebookApp | WARNING] 404 GET /api/contents/logistic_loss.ipynb?content=0&_=1563222013836 (192.168.10.212): No such file or directory: logistic_loss.ipynb
[NotebookApp | WARNING] No such file or directory: logistic_loss.ipynb
[NotebookApp | WARNING] 404 GET /api/contents/logistic_loss.ipynb?content=0&_=1563222013836 (192.168.10.212) 1.37ms referer=https://prosper-lucas-3000.codio.io/notebooks/logistic_loss.ipynb
[NotebookApp | INFO] Uploading file to /logistic_loss.ipynb
[NotebookApp | INFO] Starting buffering for 7e9c1417-2f3c-447b-9567-a1f32b239901:cf5f35fcd256477a88e42fb05b636bc8
[NotebookApp | INFO] Kernel started: dd8ce567-b2f9-4c33-9ef1-85dc1fd95c25
[NotebookApp | INFO] Adapting to protocol v5.1 for kernel 7e9c1417-2f3c-447b-9567-a1f32b239901
[NotebookApp | INFO] Adapting to protocol v5.1 for kernel dd8ce567-b2f9-4c33-9ef1-85dc1fd95c25
[NotebookApp | INFO] Starting buffering for dd8ce567-b2f9-4c33-9ef1-85dc1fd95c25:d510bd6561e449e38ffc44b4861553c9
[NotebookApp | WARNING] 404 GET /api/contents/logistic_loss.ipynb?content=0&_=1563222201025 (192.168.10.205): No such file or directory: logistic_loss.ipynb
[NotebookApp | WARNING] No such file or directory: logistic_loss.ipynb
[NotebookApp | WARNING] 404 GET /api/contents/logistic_loss.ipynb?content=0&_=1563222201025 (192.168.10.205) 1.29ms referer=https://prosper-lucas-3000.codio.io/notebooks/logistic_loss.ipynb
[NotebookApp | INFO] Uploading file to /logistic_loss.ipynb
[NotebookApp | INFO] Starting buffering for 7e9c1417-2f3c-447b-9567-a1f32b239901:77a8b1db4373420791f0cab2ab89151c
[NotebookApp | INFO] Adapting to protocol v5.1 for kernel dd8ce567-b2f9-4c33-9ef1-85dc1fd95c25
[NotebookApp | INFO] Saving file at /spam_email.ipynb
[NotebookApp | INFO] Starting buffering for dd8ce567-b2f9-4c33-9ef1-85dc1fd95c25:602038fd47c54d9483698fc2c18b47f3
[NotebookApp | WARNING] No nbgrader_config.py file found (rerun with --debug to see where nbgrader is looking)
[NotebookApp | INFO] Loading the validate_assignment nbgrader serverextension
[NotebookApp | INFO] Serving notebooks from local directory: /home/codio/workspace
[NotebookApp | INFO] The Jupyter Notebook is running at:
[NotebookApp | INFO] http://(block-lola or 127.0.0.1):3000/
[NotebookApp | INFO] Use Control-C to stop this server and shut down all kernels (twice to skip confirmation).
[NotebookApp | CRITICAL] received signal 15, stopping
[NotebookApp | INFO] Shutting down 0 kernels
[NotebookApp | WARNING] No nbgrader_config.py file found (rerun with --debug to see where nbgrader is looking)
[NotebookApp | INFO] Loading the validate_assignment nbgrader serverextension
[NotebookApp | INFO] Serving notebooks from local directory: /home/codio/workspace
[NotebookApp | INFO] The Jupyter Notebook is running at:
[NotebookApp | INFO] http://(block-lola or 127.0.0.1):3000/
[NotebookApp | INFO] Use Control-C to stop this server and shut down all kernels (twice to skip confirmation).
[NotebookApp | INFO] Kernel started: ef842dd1-e700-485b-8ae2-15451fffdd36
[NotebookApp | INFO] Adapting to protocol v5.1 for kernel ef842dd1-e700-485b-8ae2-15451fffdd36
[NotebookApp | INFO] Saving file at /spam_email.ipynb
[NotebookApp | INFO] Starting buffering for ef842dd1-e700-485b-8ae2-15451fffdd36:7a7004d4021246068ce7424abec4f4aa
[NotebookApp | CRITICAL] received signal 15, stopping
[NotebookApp | INFO] Shutting down 1 kernel
[NotebookApp | INFO] Kernel shutdown: ef842dd1-e700-485b-8ae2-15451fffdd36
[NotebookApp | WARNING] No nbgrader_config.py file found (rerun with --debug to see where nbgrader is looking)
[NotebookApp | INFO] Loading the validate_assignment nbgrader serverextension
[NotebookApp | INFO] Serving notebooks from local directory: /home/codio/workspace
[NotebookApp | INFO] The Jupyter Notebook is running at:
[NotebookApp | INFO] http://(block-lola or 127.0.0.1):3000/
[NotebookApp | INFO] Use Control-C to stop this server and shut down all kernels (twice to skip confirmation).
[NotebookApp | CRITICAL] received signal 15, stopping
[NotebookApp | INFO] Shutting down 0 kernels
[NotebookApp | WARNING] No nbgrader_config.py file found (rerun with --debug to see where nbgrader is looking)
[NotebookApp | INFO] Loading the validate_assignment nbgrader serverextension
[NotebookApp | INFO] Serving notebooks from local directory: /home/codio/workspace
[NotebookApp | INFO] The Jupyter Notebook is running at:
[NotebookApp | INFO] http://(block-lola or 127.0.0.1):3000/
[NotebookApp | INFO] Use Control-C to stop this server and shut down all kernels (twice to skip confirmation).
[NotebookApp | INFO] Kernel started: 11c361ab-7d63-4df1-9b4c-abb30b53f536
[NotebookApp | INFO] Adapting to protocol v5.1 for kernel 11c361ab-7d63-4df1-9b4c-abb30b53f536
[NotebookApp | WARNING] WebSocket ping timeout after 119973 ms.
[NotebookApp | INFO] Starting buffering for 11c361ab-7d63-4df1-9b4c-abb30b53f536:91bca7e7f38449df9b7d1bc083cea088
[NotebookApp | CRITICAL] received signal 15, stopping
[NotebookApp | INFO] Shutting down 1 kernel
[NotebookApp | INFO] Kernel shutdown: 11c361ab-7d63-4df1-9b4c-abb30b53f536
[NotebookApp | WARNING] No nbgrader_config.py file found (rerun with --debug to see where nbgrader is looking)
[NotebookApp | INFO] Loading the validate_assignment nbgrader serverextension
[NotebookApp | INFO] Serving notebooks from local directory: /home/codio/workspace
[NotebookApp | INFO] The Jupyter Notebook is running at:
[NotebookApp | INFO] http://(block-lola or 127.0.0.1):3000/
[NotebookApp | INFO] Use Control-C to stop this server and shut down all kernels (twice to skip confirmation).
[NotebookApp | INFO] Kernel started: 0a4f7fc6-acf1-429a-83cb-b26a99faebc0
[NotebookApp | INFO] Adapting to protocol v5.1 for kernel 0a4f7fc6-acf1-429a-83cb-b26a99faebc0
[NotebookApp | INFO] Saving file at /spam_email.ipynb
[NotebookApp | INFO] Starting buffering for 0a4f7fc6-acf1-429a-83cb-b26a99faebc0:5fc8018623d546d68ac4e1046c51f638
[NotebookApp | CRITICAL] received signal 15, stopping
[NotebookApp | INFO] Shutting down 1 kernel
[NotebookApp | INFO] Kernel shutdown: 0a4f7fc6-acf1-429a-83cb-b26a99faebc0
[NotebookApp | WARNING] No nbgrader_config.py file found (rerun with --debug to see where nbgrader is looking)
[NotebookApp | INFO] Loading the validate_assignment nbgrader serverextension
[NotebookApp | INFO] Serving notebooks from local directory: /home/codio/workspace
[NotebookApp | INFO] The Jupyter Notebook is running at:
[NotebookApp | INFO] http://(block-lola or 127.0.0.1):3000/
[NotebookApp | INFO] Use Control-C to stop this server and shut down all kernels (twice to skip confirmation).
[NotebookApp | INFO] Kernel started: d413ab88-4f4c-4591-bfa8-f457073fd81c
[NotebookApp | INFO] Adapting to protocol v5.1 for kernel d413ab88-4f4c-4591-bfa8-f457073fd81c
[NotebookApp | INFO] Starting buffering for d413ab88-4f4c-4591-bfa8-f457073fd81c:81aad1cd9cca42a58a88d3fbe5871ebc
[NotebookApp | CRITICAL] received signal 15, stopping
[NotebookApp | INFO] Shutting down 1 kernel
[NotebookApp | INFO] Kernel shutdown: d413ab88-4f4c-4591-bfa8-f457073fd81c
[NotebookApp | WARNING] No nbgrader_config.py file found (rerun with --debug to see where nbgrader is looking)
[NotebookApp | INFO] Loading the validate_assignment nbgrader serverextension
[NotebookApp | INFO] Serving notebooks from local directory: /home/codio/workspace
[NotebookApp | INFO] The Jupyter Notebook is running at:
[NotebookApp | INFO] http://(block-lola or 127.0.0.1):3000/
[NotebookApp | INFO] Use Control-C to stop this server and shut down all kernels (twice to skip confirmation).
[NotebookApp | CRITICAL] received signal 15, stopping
[NotebookApp | INFO] Shutting down 0 kernels
[NotebookApp | WARNING] No nbgrader_config.py file found (rerun with --debug to see where nbgrader is looking)
[NotebookApp | INFO] Loading the validate_assignment nbgrader serverextension
[NotebookApp | INFO] Serving notebooks from local directory: /home/codio/workspace
[NotebookApp | INFO] The Jupyter Notebook is running at:
[NotebookApp | INFO] http://(block-lola or 127.0.0.1):3000/
[NotebookApp | INFO] Use Control-C to stop this server and shut down all kernels (twice to skip confirmation).
[NotebookApp | CRITICAL] received signal 15, stopping
[NotebookApp | INFO] Shutting down 0 kernels
[NotebookApp | WARNING] No nbgrader_config.py file found (rerun with --debug to see where nbgrader is looking)
[NotebookApp | INFO] Loading the validate_assignment nbgrader serverextension
[NotebookApp | INFO] Serving notebooks from local directory: /home/codio/workspace
[NotebookApp | INFO] The Jupyter Notebook is running at:
[NotebookApp | INFO] http://(block-lola or 127.0.0.1):3000/
[NotebookApp | INFO] Use Control-C to stop this server and shut down all kernels (twice to skip confirmation).
[NotebookApp | INFO] Kernel started: 33102216-95e3-4ada-84c7-6c22f21674bf
[NotebookApp | INFO] Adapting to protocol v5.1 for kernel 33102216-95e3-4ada-84c7-6c22f21674bf
[NotebookApp | INFO] Starting buffering for 33102216-95e3-4ada-84c7-6c22f21674bf:6f56fa81abf449038bde2263a2d10d56
[NotebookApp | INFO] Adapting to protocol v5.1 for kernel 33102216-95e3-4ada-84c7-6c22f21674bf
[NotebookApp | INFO] Starting buffering for 33102216-95e3-4ada-84c7-6c22f21674bf:f5e40ddda4e54e28985c0a2a7a9838f0
[NotebookApp | CRITICAL] received signal 15, stopping
[NotebookApp | INFO] Shutting down 1 kernel
[NotebookApp | INFO] Kernel shutdown: 33102216-95e3-4ada-84c7-6c22f21674bf
[NotebookApp | WARNING] No nbgrader_config.py file found (rerun with --debug to see where nbgrader is looking)
[NotebookApp | INFO] Loading the validate_assignment nbgrader serverextension
[NotebookApp | INFO] Serving notebooks from local directory: /home/codio/workspace
[NotebookApp | INFO] The Jupyter Notebook is running at:
[NotebookApp | INFO] http://(block-lola or 127.0.0.1):3000/
[NotebookApp | INFO] Use Control-C to stop this server and shut down all kernels (twice to skip confirmation).
[NotebookApp | CRITICAL] received signal 15, stopping
[NotebookApp | INFO] Shutting down 0 kernels
[NotebookApp | WARNING] No nbgrader_config.py file found (rerun with --debug to see where nbgrader is looking)
[NotebookApp | INFO] Loading the validate_assignment nbgrader serverextension
[NotebookApp | INFO] Serving notebooks from local directory: /home/codio/workspace
[NotebookApp | INFO] The Jupyter Notebook is running at:
[NotebookApp | INFO] http://(block-lola or 127.0.0.1):3000/
[NotebookApp | INFO] Use Control-C to stop this server and shut down all kernels (twice to skip confirmation).
[NotebookApp | INFO] Kernel started: 49b1b091-832c-4452-be7a-d6999217935f
[NotebookApp | INFO] Adapting to protocol v5.1 for kernel 49b1b091-832c-4452-be7a-d6999217935f
[NotebookApp | INFO] Starting buffering for 49b1b091-832c-4452-be7a-d6999217935f:2e8c72b5fca249dba991e8d0e902ac15
[NotebookApp | CRITICAL] received signal 15, stopping
[NotebookApp | INFO] Shutting down 1 kernel
[NotebookApp | INFO] Kernel shutdown: 49b1b091-832c-4452-be7a-d6999217935f
[NotebookApp | WARNING] No nbgrader_config.py file found (rerun with --debug to see where nbgrader is looking)
[NotebookApp | INFO] Loading the validate_assignment nbgrader serverextension
[NotebookApp | INFO] Serving notebooks from local directory: /home/codio/workspace
[NotebookApp | INFO] The Jupyter Notebook is running at:
[NotebookApp | INFO] http://(block-lola or 127.0.0.1):3000/
[NotebookApp | INFO] Use Control-C to stop this server and shut down all kernels (twice to skip confirmation).
[NotebookApp | INFO] Kernel started: 6ee70720-9c2f-400f-842d-73ca02b92f9d
[NotebookApp | INFO] Adapting to protocol v5.1 for kernel 6ee70720-9c2f-400f-842d-73ca02b92f9d
[NotebookApp | INFO] Starting buffering for 6ee70720-9c2f-400f-842d-73ca02b92f9d:ef2480335b07478e9d6dfc67fec276f8
[NotebookApp | INFO] Adapting to protocol v5.1 for kernel 6ee70720-9c2f-400f-842d-73ca02b92f9d
[NotebookApp | INFO] Saving file at /spam_email.ipynb
[NotebookApp | WARNING] No nbgrader_config.py file found. Rerun with DEBUG log level to see where nbgrader is looking.
[NotebookApp | INFO] Validating '/home/codio/workspace/spam_email.ipynb'
[NotebookApp | INFO] Executing notebook with kernel: python3
[NotebookApp | INFO] Starting buffering for 6ee70720-9c2f-400f-842d-73ca02b92f9d:3c9c9ec0c1284c469bb35fc35b5b90e4
[NotebookApp | INFO] Adapting to protocol v5.1 for kernel 6ee70720-9c2f-400f-842d-73ca02b92f9d
[NotebookApp | INFO] Saving file at /spam_email.ipynb
[NotebookApp | INFO] Starting buffering for 6ee70720-9c2f-400f-842d-73ca02b92f9d:40398255ad4548ee860e95347cee9708
[NotebookApp | INFO] Kernel restarted: 6ee70720-9c2f-400f-842d-73ca02b92f9d
[NotebookApp | INFO] Adapting to protocol v5.1 for kernel 6ee70720-9c2f-400f-842d-73ca02b92f9d
[NotebookApp | INFO] Restoring connection for 6ee70720-9c2f-400f-842d-73ca02b92f9d:40398255ad4548ee860e95347cee9708
[NotebookApp | INFO] Replaying 6 buffered messages
[NotebookApp | INFO] Saving file at /spam_email.ipynb
[NotebookApp | INFO] Starting buffering for 6ee70720-9c2f-400f-842d-73ca02b92f9d:40398255ad4548ee860e95347cee9708
[NotebookApp | CRITICAL] received signal 15, stopping
[NotebookApp | INFO] Shutting down 1 kernel
[NotebookApp | INFO] Kernel shutdown: 6ee70720-9c2f-400f-842d-73ca02b92f9d
[NotebookApp | WARNING] No nbgrader_config.py file found (rerun with --debug to see where nbgrader is looking)
[NotebookApp | INFO] Loading the validate_assignment nbgrader serverextension
[NotebookApp | INFO] Serving notebooks from local directory: /home/codio/workspace
[NotebookApp | INFO] The Jupyter Notebook is running at:
[NotebookApp | INFO] http://(block-lola or 127.0.0.1):3000/
[NotebookApp | INFO] Use Control-C to stop this server and shut down all kernels (twice to skip confirmation).
[NotebookApp | INFO] Kernel started: 8663920f-bc4a-4168-9336-8f4c882cb4b9
[NotebookApp | INFO] Adapting to protocol v5.1 for kernel 8663920f-bc4a-4168-9336-8f4c882cb4b9
[NotebookApp | CRITICAL] received signal 15, stopping
[NotebookApp | INFO] Shutting down 1 kernel
[NotebookApp | INFO] Kernel shutdown: 8663920f-bc4a-4168-9336-8f4c882cb4b9
[NotebookApp | WARNING] No nbgrader_config.py file found (rerun with --debug to see where nbgrader is looking)
[NotebookApp | INFO] Loading the validate_assignment nbgrader serverextension
[NotebookApp | INFO] Serving notebooks from local directory: /home/codio/workspace
[NotebookApp | INFO] The Jupyter Notebook is running at:
[NotebookApp | INFO] http://(block-lola or 127.0.0.1):3000/
[NotebookApp | INFO] Use Control-C to stop this server and shut down all kernels (twice to skip confirmation).
[NotebookApp | WARNING] 404 GET /api/kernels/8663920f-bc4a-4168-9336-8f4c882cb4b9/channels?session_id=7a66268118b041cb9db11332b06ad28a (192.168.10.212): Kernel does not exist: 8663920f-bc4a-4168-9336-8f4c882cb4b9
[NotebookApp | WARNING] 404 GET /api/kernels/8663920f-bc4a-4168-9336-8f4c882cb4b9/channels?session_id=7a66268118b041cb9db11332b06ad28a (192.168.10.212) 30.30ms referer=None
[NotebookApp | WARNING] Replacing stale connection: 8663920f-bc4a-4168-9336-8f4c882cb4b9:7a66268118b041cb9db11332b06ad28a
[NotebookApp | WARNING] Notebook spam_email.ipynb is not trusted
[NotebookApp | INFO] Kernel started: 01cfb852-3ecb-43a9-a2cc-ba79fa5015f2
[NotebookApp | INFO] Adapting to protocol v5.1 for kernel 01cfb852-3ecb-43a9-a2cc-ba79fa5015f2
[NotebookApp | INFO] Starting buffering for 01cfb852-3ecb-43a9-a2cc-ba79fa5015f2:c208fbd98fd34464858645988050bd85
[NotebookApp | WARNING] Notebook spam_email.ipynb is not trusted
[NotebookApp | INFO] Adapting to protocol v5.1 for kernel 01cfb852-3ecb-43a9-a2cc-ba79fa5015f2
[NotebookApp | INFO] Starting buffering for 01cfb852-3ecb-43a9-a2cc-ba79fa5015f2:92b52b874d984c4d99dabdf3d881a188
[NotebookApp | WARNING] No nbgrader_config.py file found (rerun with --debug to see where nbgrader is looking)
[NotebookApp | INFO] Loading the validate_assignment nbgrader serverextension
[NotebookApp | INFO] Serving notebooks from local directory: /home/codio/workspace
[NotebookApp | INFO] The Jupyter Notebook is running at:
[NotebookApp | INFO] http://(zebra-answer or 127.0.0.1):3000/
[NotebookApp | INFO] Use Control-C to stop this server and shut down all kernels (twice to skip confirmation).
[NotebookApp | WARNING] No nbgrader_config.py file found (rerun with --debug to see where nbgrader is looking)
[NotebookApp | INFO] Loading the validate_assignment nbgrader serverextension
[NotebookApp | INFO] Serving notebooks from local directory: /home/codio/workspace
[NotebookApp | INFO] The Jupyter Notebook is running at:
[NotebookApp | INFO] http://(exotic-henry or 127.0.0.1):3000/
[NotebookApp | INFO] Use Control-C to stop this server and shut down all kernels (twice to skip confirmation).
[NotebookApp | WARNING] Notebook spam_email.ipynb is not trusted
[NotebookApp | INFO] Kernel started: 82152ec9-fbb3-4ed3-975e-226b7d1c38dc
[NotebookApp | INFO] Adapting to protocol v5.1 for kernel 82152ec9-fbb3-4ed3-975e-226b7d1c38dc
[NotebookApp | INFO] Saving file at /spam_email.ipynb
[NotebookApp | WARNING] No nbgrader_config.py file found. Rerun with DEBUG log level to see where nbgrader is looking.
[NotebookApp | INFO] Validating '/home/codio/workspace/spam_email.ipynb'
[NotebookApp | INFO] Executing notebook with kernel: python3
[NotebookApp | INFO] Starting buffering for 82152ec9-fbb3-4ed3-975e-226b7d1c38dc:d673a9df4a8b4e0e8eb3ea3a3cb0b5d3
[NotebookApp | WARNING] No nbgrader_config.py file found (rerun with --debug to see where nbgrader is looking)
[NotebookApp | INFO] Loading the validate_assignment nbgrader serverextension
[NotebookApp | INFO] Serving notebooks from local directory: /home/codio/workspace
[NotebookApp | INFO] The Jupyter Notebook is running at:
[NotebookApp | INFO] http://(kimono-ecology or 127.0.0.1):3000/
[NotebookApp | INFO] Use Control-C to stop this server and shut down all kernels (twice to skip confirmation).
[NotebookApp | CRITICAL] received signal 15, stopping
[NotebookApp | INFO] Shutting down 0 kernels
[NotebookApp | WARNING] No nbgrader_config.py file found (rerun with --debug to see where nbgrader is looking)
[NotebookApp | INFO] Loading the validate_assignment nbgrader serverextension
[NotebookApp | INFO] Serving notebooks from local directory: /home/codio/workspace
[NotebookApp | INFO] The Jupyter Notebook is running at:
[NotebookApp | INFO] http://(kimono-ecology or 127.0.0.1):3000/
[NotebookApp | INFO] Use Control-C to stop this server and shut down all kernels (twice to skip confirmation).
[NotebookApp | CRITICAL] received signal 15, stopping
[NotebookApp | INFO] Shutting down 0 kernels
[NotebookApp | WARNING] No nbgrader_config.py file found (rerun with --debug to see where nbgrader is looking)
[NotebookApp | INFO] Loading the validate_assignment nbgrader serverextension
[NotebookApp | INFO] Serving notebooks from local directory: /home/codio/workspace
[NotebookApp | INFO] The Jupyter Notebook is running at:
[NotebookApp | INFO] http://(kimono-ecology or 127.0.0.1):3000/
[NotebookApp | INFO] Use Control-C to stop this server and shut down all kernels (twice to skip confirmation).
[NotebookApp | INFO] Kernel started: 1e605e50-69e2-4d7a-addf-020410c78ba5
[NotebookApp | INFO] Adapting to protocol v5.1 for kernel 1e605e50-69e2-4d7a-addf-020410c78ba5
[NotebookApp | INFO] Starting buffering for 1e605e50-69e2-4d7a-addf-020410c78ba5:ee7906612a4c4e5785872e9ae2b55f28
[NotebookApp | INFO] Adapting to protocol v5.1 for kernel 1e605e50-69e2-4d7a-addf-020410c78ba5
[NotebookApp | INFO] Saving file at /spam_email.ipynb
[NotebookApp | INFO] Starting buffering for 1e605e50-69e2-4d7a-addf-020410c78ba5:4933e34128214ff5919757d14714bdc2
[NotebookApp | CRITICAL] received signal 15, stopping
[NotebookApp | INFO] Shutting down 1 kernel
[NotebookApp | INFO] Kernel shutdown: 1e605e50-69e2-4d7a-addf-020410c78ba5
[NotebookApp | WARNING] No nbgrader_config.py file found (rerun with --debug to see where nbgrader is looking)
[NotebookApp | INFO] Loading the validate_assignment nbgrader serverextension
[NotebookApp | INFO] Serving notebooks from local directory: /home/codio/workspace
[NotebookApp | INFO] The Jupyter Notebook is running at:
[NotebookApp | INFO] http://(kimono-ecology or 127.0.0.1):3000/
[NotebookApp | INFO] Use Control-C to stop this server and shut down all kernels (twice to skip confirmation).
[NotebookApp | INFO] Kernel started: 53813317-b7b6-4b3b-ade0-483fe556bbdb
[NotebookApp | INFO] Adapting to protocol v5.1 for kernel 53813317-b7b6-4b3b-ade0-483fe556bbdb
[NotebookApp | CRITICAL] received signal 15, stopping
[NotebookApp | INFO] Shutting down 1 kernel
[NotebookApp | INFO] Kernel shutdown: 53813317-b7b6-4b3b-ade0-483fe556bbdb
[NotebookApp | WARNING] No nbgrader_config.py file found (rerun with --debug to see where nbgrader is looking)
[NotebookApp | INFO] Loading the validate_assignment nbgrader serverextension
[NotebookApp | INFO] Serving notebooks from local directory: /home/codio/workspace
[NotebookApp | INFO] The Jupyter Notebook is running at:
[NotebookApp | INFO] http://(kimono-ecology or 127.0.0.1):3000/
[NotebookApp | INFO] Use Control-C to stop this server and shut down all kernels (twice to skip confirmation).
[NotebookApp | INFO] Kernel started: 51a3b61a-67df-4eb9-8efa-95d22de2a627
[NotebookApp | INFO] Adapting to protocol v5.1 for kernel 51a3b61a-67df-4eb9-8efa-95d22de2a627
[NotebookApp | INFO] Starting buffering for 51a3b61a-67df-4eb9-8efa-95d22de2a627:29435a57c7ad4c2e815a41f663410fb2
[NotebookApp | WARNING] Notebook spam_email.ipynb is not trusted
[NotebookApp | INFO] Adapting to protocol v5.1 for kernel 51a3b61a-67df-4eb9-8efa-95d22de2a627
[NotebookApp | INFO] Saving file at /spam_email.ipynb
[NotebookApp | WARNING] Notebook spam_email.ipynb is not trusted
[NotebookApp | INFO] Starting buffering for 51a3b61a-67df-4eb9-8efa-95d22de2a627:9d9c104655b44883b845ff4d74cc5db9
[NotebookApp | WARNING] Notebook spam_email.ipynb is not trusted
[NotebookApp | INFO] Adapting to protocol v5.1 for kernel 51a3b61a-67df-4eb9-8efa-95d22de2a627
[NotebookApp | INFO] Starting buffering for 51a3b61a-67df-4eb9-8efa-95d22de2a627:63475c21b7e7453681bb0a83c933de8f
[NotebookApp | WARNING] Notebook Build-a-Spam-Email-Classifier.ipynb is not trusted
[NotebookApp | INFO] Adapting to protocol v5.1 for kernel 51a3b61a-67df-4eb9-8efa-95d22de2a627
[NotebookApp | INFO] Starting buffering for 51a3b61a-67df-4eb9-8efa-95d22de2a627:d2426babd4d84ce68e165886416ddc6c
[NotebookApp | WARNING] 404 GET /notebooks/spam_email.ipynb (192.168.10.205): No such file or directory: spam_email.ipynb
[NotebookApp | WARNING] 404 GET /notebooks/spam_email.ipynb (192.168.10.205) 7.70ms referer=https://codio.com/cshew/build-a-spam-email-classifier11-forked-1-fork
[NotebookApp | WARNING] Notebook Build-a-Spam-Email-Classifier.ipynb is not trusted
[NotebookApp | INFO] Adapting to protocol v5.1 for kernel 51a3b61a-67df-4eb9-8efa-95d22de2a627
[NotebookApp | INFO] Starting buffering for 51a3b61a-67df-4eb9-8efa-95d22de2a627:a7e4a49f24f8412787bc5ad6f9f39cb9
[NotebookApp | WARNING] 404 GET /notebooks/spam_email.ipynb (192.168.10.160): No such file or directory: spam_email.ipynb
[NotebookApp | WARNING] 404 GET /notebooks/spam_email.ipynb (192.168.10.160) 1.60ms referer=https://codio.com/cshew/build-a-spam-email-classifier11-forked-1-fork
[NotebookApp | WARNING] 404 GET /notebooks/spam_email.ipynb (192.168.10.160): No such file or directory: spam_email.ipynb
[NotebookApp | WARNING] 404 GET /notebooks/spam_email.ipynb (192.168.10.160) 1.58ms referer=https://codio.com/cshew/build-a-spam-email-classifier11-forked-1-fork
[NotebookApp | WARNING] No nbgrader_config.py file found (rerun with --debug to see where nbgrader is looking)
[NotebookApp | INFO] Loading the validate_assignment nbgrader serverextension
[NotebookApp | INFO] Serving notebooks from local directory: /home/codio/workspace
[NotebookApp | INFO] The Jupyter Notebook is running at:
[NotebookApp | INFO] http://(scoop-year or 127.0.0.1):3000/
[NotebookApp | INFO] Use Control-C to stop this server and shut down all kernels (twice to skip confirmation).
[NotebookApp | WARNING] No nbgrader_config.py file found (rerun with --debug to see where nbgrader is looking)
[NotebookApp | INFO] Loading the validate_assignment nbgrader serverextension
[NotebookApp | INFO] Serving notebooks from local directory: /home/codio/workspace
[NotebookApp | INFO] The Jupyter Notebook is running at:
[NotebookApp | INFO] http://(mozart-pretty or 127.0.0.1):3000/
[NotebookApp | INFO] Use Control-C to stop this server and shut down all kernels (twice to skip confirmation).
[NotebookApp | WARNING] No nbgrader_config.py file found (rerun with --debug to see where nbgrader is looking)
[NotebookApp | INFO] Loading the validate_assignment nbgrader serverextension
[NotebookApp | INFO] Serving notebooks from local directory: /home/codio/workspace
[NotebookApp | INFO] The Jupyter Notebook is running at:
[NotebookApp | INFO] http://(lunar-spend or 127.0.0.1):3000/
[NotebookApp | INFO] Use Control-C to stop this server and shut down all kernels (twice to skip confirmation).
[NotebookApp | WARNING] Notebook Build-a-Spam-Email-Classifier.ipynb is not trusted
[NotebookApp | INFO] Kernel started: 224965a8-778f-48d1-bdab-68eb866b771a
[NotebookApp | INFO] Adapting to protocol v5.1 for kernel 224965a8-778f-48d1-bdab-68eb866b771a
[NotebookApp | INFO] Starting buffering for 224965a8-778f-48d1-bdab-68eb866b771a:e35a78b02e0648128285323e894cf030
[NotebookApp | WARNING] Notebook Build-a-Spam-Email-Classifier.ipynb is not trusted
[NotebookApp | INFO] Adapting to protocol v5.1 for kernel 224965a8-778f-48d1-bdab-68eb866b771a
[NotebookApp | INFO] Starting buffering for 224965a8-778f-48d1-bdab-68eb866b771a:b3654b9bde3e4b2294d281d012783dc2
[NotebookApp | WARNING] Notebook Build-a-Spam-Email-Classifier.ipynb is not trusted
[NotebookApp | INFO] Adapting to protocol v5.1 for kernel 224965a8-778f-48d1-bdab-68eb866b771a
