[NotebookApp | WARNING] No nbgrader_config.py file found (rerun with --debug to see where nbgrader is looking)
[NotebookApp | INFO] Loading the validate_assignment nbgrader serverextension
[NotebookApp | INFO] Serving notebooks from local directory: /home/cheng/Desktop/CIS530/CIS536/Codio Units/linear SVM
[NotebookApp | INFO] The Jupyter Notebook is running at:
[NotebookApp | INFO] http://localhost:8888/?token=7daae378c189d58c4dbfc482d9cf1d67a74e867524cc4230
[NotebookApp | INFO] Use Control-C to stop this server and shut down all kernels (twice to skip confirmation).
[NotebookApp | CRITICAL] 
    
    To access the notebook, open this file in a browser:
        file:///run/user/1000/jupyter/nbserver-9585-open.html
    Or copy and paste one of these URLs:
        http://localhost:8888/?token=7daae378c189d58c4dbfc482d9cf1d67a74e867524cc4230
[NotebookApp | WARNING] Notebook linearSVM.ipynb is not trusted
[NotebookApp | INFO] Kernel started: 685739eb-d88c-4f28-b69d-33b9c7429d61
[NotebookApp | INFO] Adapting to protocol v5.1 for kernel 685739eb-d88c-4f28-b69d-33b9c7429d61
[NotebookApp | INFO] Saving file at /linearSVM.ipynb
[NotebookApp | WARNING] No nbgrader_config.py file found. Rerun with DEBUG log level to see where nbgrader is looking.
[NotebookApp | INFO] Validating '/home/cheng/Desktop/CIS530/CIS536/Codio Units/linear SVM/linearSVM.ipynb'
[NotebookApp | INFO] Executing notebook with kernel: python3
[NotebookApp | INFO] Saving file at /linearSVM.ipynb
[NotebookApp | INFO] Starting buffering for 685739eb-d88c-4f28-b69d-33b9c7429d61:824ba312bddb4f3497660d9597e46f81
[NotebookApp | INFO] interrupted
[NotebookApp | CRITICAL] received signal 2, stopping
[NotebookApp | INFO] Shutting down 1 kernel
[NotebookApp | CRITICAL] received signal 2, stopping
[NotebookApp | INFO] Kernel shutdown: 685739eb-d88c-4f28-b69d-33b9c7429d61
