[NotebookApp | WARNING] No nbgrader_config.py file found (rerun with --debug to see where nbgrader is looking)
[NotebookApp | INFO] Loading the validate_assignment nbgrader serverextension
[NotebookApp | INFO] Serving notebooks from local directory: /home/cheng/Desktop/CIS530/CIS534/Source Materials/Regression Tree
[NotebookApp | INFO] The Jupyter Notebook is running at:
[NotebookApp | INFO] http://localhost:8889/?token=d8e68bf5a76c0fea280e813d2b19b3542a8db69614a52f74
[NotebookApp | INFO] Use Control-C to stop this server and shut down all kernels (twice to skip confirmation).
[NotebookApp | CRITICAL] 
    
    To access the notebook, open this file in a browser:
        file:///run/user/1000/jupyter/nbserver-7189-open.html
    Or copy and paste one of these URLs:
        http://localhost:8889/?token=d8e68bf5a76c0fea280e813d2b19b3542a8db69614a52f74
[NotebookApp | WARNING] Notebook Regression_tree.ipynb is not trusted
[NotebookApp | INFO] Kernel started: 8b0028ac-b1ea-419d-84d5-09f4c1a10301
[NotebookApp | INFO] Adapting to protocol v5.1 for kernel 8b0028ac-b1ea-419d-84d5-09f4c1a10301
[NotebookApp | WARNING] 404 GET /static/components/MathJax/fonts/HTML-CSS/TeX/otf/MathJax_Script-Regular.otf (127.0.0.1) 4.59ms referer=http://localhost:8889/notebooks/Regression_tree.ipynb
[NotebookApp | INFO] Saving file at /Regression_tree.ipynb
[NotebookApp | INFO] Starting buffering for 8b0028ac-b1ea-419d-84d5-09f4c1a10301:a9b0e956aa184c29902c9632aa3e1423
[NotebookApp | INFO] Kernel restarted: 8b0028ac-b1ea-419d-84d5-09f4c1a10301
[NotebookApp | INFO] Adapting to protocol v5.1 for kernel 8b0028ac-b1ea-419d-84d5-09f4c1a10301
[NotebookApp | INFO] Restoring connection for 8b0028ac-b1ea-419d-84d5-09f4c1a10301:a9b0e956aa184c29902c9632aa3e1423
[NotebookApp | INFO] Replaying 3 buffered messages
[NotebookApp | INFO] Saving file at /Regression_tree.ipynb
[NotebookApp | INFO] Saving file at /Regression_tree.ipynb
[NotebookApp | INFO] Starting buffering for 8b0028ac-b1ea-419d-84d5-09f4c1a10301:a9b0e956aa184c29902c9632aa3e1423
