[NotebookApp | WARNING] No nbgrader_config.py file found (rerun with --debug to see where nbgrader is looking)
[NotebookApp | INFO] Loading the validate_assignment nbgrader serverextension
[NotebookApp | INFO] Serving notebooks from local directory: /home/codio/workspace
[NotebookApp | INFO] The Jupyter Notebook is running at:
[NotebookApp | INFO] http://(oval-aspect or 127.0.0.1):3000/
[NotebookApp | INFO] Use Control-C to stop this server and shut down all kernels (twice to skip confirmation).
[NotebookApp | WARNING] Notebook Regression_tree.ipynb is not trusted
[NotebookApp | INFO] Kernel started: b65ddf57-01a9-4161-bae0-a241a80884b3
[NotebookApp | INFO] Adapting to protocol v5.1 for kernel b65ddf57-01a9-4161-bae0-a241a80884b3
[NotebookApp | INFO] Starting buffering for b65ddf57-01a9-4161-bae0-a241a80884b3:a153d14f146743ef868e77cfa4902b19
[NotebookApp | WARNING] Notebook Regression_tree.ipynb is not trusted
[NotebookApp | INFO] Adapting to protocol v5.1 for kernel b65ddf57-01a9-4161-bae0-a241a80884b3
[NotebookApp | INFO] Saving file at /Regression_tree.ipynb
[NotebookApp | WARNING] 404 GET /static/components/MathJax/fonts/HTML-CSS/TeX/otf/MathJax_Script-Regular.otf (192.168.10.205) 7.35ms referer=https://oval-aspect-3000.codio.io/notebooks/Regression_tree.ipynb
[NotebookApp | INFO] Starting buffering for b65ddf57-01a9-4161-bae0-a241a80884b3:4d2136fca3db4dcabb6987ce3abf31cb
[NotebookApp | INFO] Adapting to protocol v5.1 for kernel b65ddf57-01a9-4161-bae0-a241a80884b3
[NotebookApp | WARNING] 404 GET /static/components/MathJax/fonts/HTML-CSS/TeX/otf/MathJax_Script-Regular.otf (192.168.10.212) 1.24ms referer=https://oval-aspect-3000.codio.io/notebooks/Regression_tree.ipynb
[NotebookApp | INFO] Starting buffering for b65ddf57-01a9-4161-bae0-a241a80884b3:a9f2f05baab846fca0141a57f149c5e1
[NotebookApp | WARNING] No nbgrader_config.py file found (rerun with --debug to see where nbgrader is looking)
[NotebookApp | INFO] Loading the validate_assignment nbgrader serverextension
[NotebookApp | INFO] Serving notebooks from local directory: /home/codio/workspace
[NotebookApp | INFO] The Jupyter Notebook is running at:
[NotebookApp | INFO] http://(coral-perfume or 127.0.0.1):3000/
[NotebookApp | INFO] Use Control-C to stop this server and shut down all kernels (twice to skip confirmation).
[NotebookApp | WARNING] Notebook Regression_tree.ipynb is not trusted
[NotebookApp | INFO] Kernel started: 30c15837-d141-4856-ab6b-5bdf9a726ba6
[NotebookApp | INFO] Adapting to protocol v5.1 for kernel 30c15837-d141-4856-ab6b-5bdf9a726ba6
[NotebookApp | CRITICAL] received signal 15, stopping
[NotebookApp | INFO] Shutting down 1 kernel
[NotebookApp | INFO] Kernel shutdown: 30c15837-d141-4856-ab6b-5bdf9a726ba6
[NotebookApp | WARNING] No nbgrader_config.py file found (rerun with --debug to see where nbgrader is looking)
[NotebookApp | INFO] Loading the validate_assignment nbgrader serverextension
[NotebookApp | INFO] Serving notebooks from local directory: /home/codio/workspace
[NotebookApp | INFO] The Jupyter Notebook is running at:
[NotebookApp | INFO] http://(coral-perfume or 127.0.0.1):3000/
[NotebookApp | INFO] Use Control-C to stop this server and shut down all kernels (twice to skip confirmation).
[NotebookApp | WARNING] Notebook Regression_tree.ipynb is not trusted
[NotebookApp | INFO] Kernel started: 01374d39-01dc-4782-9117-a178cff5d284
[NotebookApp | INFO] Adapting to protocol v5.1 for kernel 01374d39-01dc-4782-9117-a178cff5d284
[NotebookApp | WARNING] 404 GET /static/components/MathJax/fonts/HTML-CSS/TeX/otf/MathJax_Script-Regular.otf (192.168.10.205) 6.46ms referer=https://coral-perfume-3000.codio.io/notebooks/Regression_tree.ipynb
[NotebookApp | WARNING] No nbgrader_config.py file found (rerun with --debug to see where nbgrader is looking)
[NotebookApp | INFO] Loading the validate_assignment nbgrader serverextension
[NotebookApp | INFO] Serving notebooks from local directory: /home/codio/workspace
[NotebookApp | INFO] The Jupyter Notebook is running at:
[NotebookApp | INFO] http://(rent-snake or 127.0.0.1):3000/
[NotebookApp | INFO] Use Control-C to stop this server and shut down all kernels (twice to skip confirmation).
[NotebookApp | WARNING] Notebook Regression_tree.ipynb is not trusted
[NotebookApp | INFO] Kernel started: be11c120-e10e-4a44-8559-88b625977b1b
[NotebookApp | INFO] Adapting to protocol v5.1 for kernel be11c120-e10e-4a44-8559-88b625977b1b
[NotebookApp | WARNING] 404 GET /static/components/MathJax/fonts/HTML-CSS/TeX/otf/MathJax_Script-Regular.otf (192.168.10.160) 5.84ms referer=https://rent-snake-3000.codio.io/notebooks/Regression_tree.ipynb
[NotebookApp | INFO] Starting buffering for be11c120-e10e-4a44-8559-88b625977b1b:1ea4bea6e3bf443890f81c0a1427fe4b
[NotebookApp | WARNING] Notebook Regression_tree.ipynb is not trusted
[NotebookApp | INFO] Adapting to protocol v5.1 for kernel be11c120-e10e-4a44-8559-88b625977b1b
[NotebookApp | WARNING] 404 GET /static/components/MathJax/fonts/HTML-CSS/TeX/otf/MathJax_Script-Regular.otf (192.168.10.205) 1.06ms referer=https://rent-snake-3000.codio.io/notebooks/Regression_tree.ipynb
[NotebookApp | INFO] Saving file at /Regression_tree.ipynb
[NotebookApp | INFO] Saving file at /Regression_tree.ipynb
[NotebookApp | INFO] Saving file at /Regression_tree.ipynb
[NotebookApp | INFO] Saving file at /Regression_tree.ipynb
[NotebookApp | INFO] Saving file at /Regression_tree.ipynb
[NotebookApp | INFO] Saving file at /Regression_tree.ipynb
[NotebookApp | INFO] Saving file at /Regression_tree.ipynb
[NotebookApp | INFO] Saving file at /Regression_tree.ipynb
[NotebookApp | INFO] Saving file at /Regression_tree.ipynb
[NotebookApp | INFO] Saving file at /Regression_tree.ipynb
[NotebookApp | INFO] Saving file at /Regression_tree.ipynb
[NotebookApp | INFO] Saving file at /Regression_tree.ipynb
[NotebookApp | INFO] Saving file at /Regression_tree.ipynb
[NotebookApp | INFO] Saving file at /Regression_tree.ipynb
[NotebookApp | INFO] Saving file at /Regression_tree.ipynb
[NotebookApp | INFO] Saving file at /Regression_tree.ipynb
[NotebookApp | INFO] Saving file at /Regression_tree.ipynb
[NotebookApp | INFO] Saving file at /Regression_tree.ipynb
[NotebookApp | INFO] Saving file at /Regression_tree.ipynb
[NotebookApp | INFO] Saving file at /Regression_tree.ipynb
[NotebookApp | INFO] Saving file at /Regression_tree.ipynb
[NotebookApp | INFO] Starting buffering for be11c120-e10e-4a44-8559-88b625977b1b:093bcacfd8574a3b80c50dbcb2477200
[NotebookApp | CRITICAL] received signal 15, stopping
[NotebookApp | INFO] Shutting down 1 kernel
[NotebookApp | INFO] Kernel shutdown: be11c120-e10e-4a44-8559-88b625977b1b
[NotebookApp | WARNING] No nbgrader_config.py file found (rerun with --debug to see where nbgrader is looking)
[NotebookApp | INFO] Loading the validate_assignment nbgrader serverextension
[NotebookApp | INFO] Serving notebooks from local directory: /home/codio/workspace
[NotebookApp | INFO] The Jupyter Notebook is running at:
[NotebookApp | INFO] http://(rent-snake or 127.0.0.1):3000/
[NotebookApp | INFO] Use Control-C to stop this server and shut down all kernels (twice to skip confirmation).
[NotebookApp | INFO] Kernel started: 0590c87f-dcca-4eae-92af-c799cfc36032
[NotebookApp | INFO] Adapting to protocol v5.1 for kernel 0590c87f-dcca-4eae-92af-c799cfc36032
[NotebookApp | WARNING] 404 GET /static/components/MathJax/fonts/HTML-CSS/TeX/otf/MathJax_Script-Regular.otf (192.168.10.212) 6.72ms referer=https://rent-snake-3000.codio.io/notebooks/Regression_tree.ipynb
[NotebookApp | INFO] Saving file at /Regression_tree.ipynb
[NotebookApp | INFO] Saving file at /Regression_tree.ipynb
[NotebookApp | INFO] Saving file at /Regression_tree.ipynb
[NotebookApp | INFO] Starting buffering for 0590c87f-dcca-4eae-92af-c799cfc36032:866bf47c9fb64b4d8b48ee5ea7514224
[NotebookApp | INFO] Kernel restarted: 0590c87f-dcca-4eae-92af-c799cfc36032
[NotebookApp | INFO] Adapting to protocol v5.1 for kernel 0590c87f-dcca-4eae-92af-c799cfc36032
[NotebookApp | INFO] Restoring connection for 0590c87f-dcca-4eae-92af-c799cfc36032:866bf47c9fb64b4d8b48ee5ea7514224
[NotebookApp | INFO] Replaying 6 buffered messages
[NotebookApp | INFO] Saving file at /Regression_tree.ipynb
[NotebookApp | INFO] Saving file at /Regression_tree.ipynb
[NotebookApp | INFO] Saving file at /Regression_tree.ipynb
[NotebookApp | INFO] Saving file at /Regression_tree.ipynb
[NotebookApp | INFO] Starting buffering for 0590c87f-dcca-4eae-92af-c799cfc36032:866bf47c9fb64b4d8b48ee5ea7514224
[NotebookApp | INFO] Kernel restarted: 0590c87f-dcca-4eae-92af-c799cfc36032
[NotebookApp | INFO] Adapting to protocol v5.1 for kernel 0590c87f-dcca-4eae-92af-c799cfc36032
[NotebookApp | INFO] Restoring connection for 0590c87f-dcca-4eae-92af-c799cfc36032:866bf47c9fb64b4d8b48ee5ea7514224
[NotebookApp | INFO] Replaying 6 buffered messages
[NotebookApp | INFO] Saving file at /Regression_tree.ipynb
[NotebookApp | INFO] Saving file at /Regression_tree.ipynb
[NotebookApp | INFO] Saving file at /Regression_tree.ipynb
[NotebookApp | INFO] Saving file at /Regression_tree.ipynb
[NotebookApp | INFO] Saving file at /Regression_tree.ipynb
[NotebookApp | INFO] Saving file at /Regression_tree.ipynb
[NotebookApp | INFO] Saving file at /Regression_tree.ipynb
[NotebookApp | INFO] Saving file at /Regression_tree.ipynb
[NotebookApp | INFO] Saving file at /Regression_tree.ipynb
[NotebookApp | WARNING] WebSocket ping timeout after 119805 ms.
[NotebookApp | INFO] Starting buffering for 0590c87f-dcca-4eae-92af-c799cfc36032:866bf47c9fb64b4d8b48ee5ea7514224
[NotebookApp | CRITICAL] received signal 15, stopping
[NotebookApp | INFO] Shutting down 1 kernel
[NotebookApp | INFO] Kernel shutdown: 0590c87f-dcca-4eae-92af-c799cfc36032
[NotebookApp | WARNING] No nbgrader_config.py file found (rerun with --debug to see where nbgrader is looking)
[NotebookApp | INFO] Loading the validate_assignment nbgrader serverextension
[NotebookApp | INFO] Serving notebooks from local directory: /home/codio/workspace
[NotebookApp | INFO] The Jupyter Notebook is running at:
[NotebookApp | INFO] http://(rent-snake or 127.0.0.1):3000/
[NotebookApp | INFO] Use Control-C to stop this server and shut down all kernels (twice to skip confirmation).
[NotebookApp | WARNING] 404 GET /api/kernels/0590c87f-dcca-4eae-92af-c799cfc36032/channels?session_id=866bf47c9fb64b4d8b48ee5ea7514224 (192.168.10.212): Kernel does not exist: 0590c87f-dcca-4eae-92af-c799cfc36032
[NotebookApp | WARNING] 404 GET /api/kernels/0590c87f-dcca-4eae-92af-c799cfc36032/channels?session_id=866bf47c9fb64b4d8b48ee5ea7514224 (192.168.10.212) 37.78ms referer=None
[NotebookApp | WARNING] Replacing stale connection: 0590c87f-dcca-4eae-92af-c799cfc36032:866bf47c9fb64b4d8b48ee5ea7514224
[NotebookApp | WARNING] Replacing stale connection: 0590c87f-dcca-4eae-92af-c799cfc36032:866bf47c9fb64b4d8b48ee5ea7514224
[NotebookApp | WARNING] Replacing stale connection: 0590c87f-dcca-4eae-92af-c799cfc36032:866bf47c9fb64b4d8b48ee5ea7514224
[NotebookApp | WARNING] Replacing stale connection: 0590c87f-dcca-4eae-92af-c799cfc36032:866bf47c9fb64b4d8b48ee5ea7514224
[NotebookApp | WARNING] Replacing stale connection: 0590c87f-dcca-4eae-92af-c799cfc36032:866bf47c9fb64b4d8b48ee5ea7514224
[NotebookApp | ERROR] Exception restarting kernel
    Traceback (most recent call last):
      File "/usr/local/lib/python3.6/dist-packages/notebook/services/kernels/handlers.py", line 85, in post
        yield gen.maybe_future(km.restart_kernel(kernel_id))
      File "/usr/local/lib/python3.6/dist-packages/tornado/gen.py", line 729, in run
        value = future.result()
      File "/usr/local/lib/python3.6/dist-packages/tornado/gen.py", line 209, in wrapper
        yielded = next(result)
      File "/usr/local/lib/python3.6/dist-packages/notebook/services/kernels/kernelmanager.py", line 286, in restart_kernel
        self._check_kernel_id(kernel_id)
      File "/usr/local/lib/python3.6/dist-packages/notebook/services/kernels/kernelmanager.py", line 366, in _check_kernel_id
        raise web.HTTPError(404, u'Kernel does not exist: %s' % kernel_id)
    tornado.web.HTTPError: HTTP 404: Not Found (Kernel does not exist: 0590c87f-dcca-4eae-92af-c799cfc36032)
[NotebookApp | ERROR] {
      "Host": "rent-snake-3000.codio.io",
      "X-Codio-Host": "rent-snake.codio.io",
      "Connection": "upgrade",
      "Content-Length": "0",
      "Accept": "application/json, text/javascript, */*; q=0.01",
      "Origin": "https://rent-snake-3000.codio.io",
      "X-Requested-With": "XMLHttpRequest",
      "X-Xsrftoken": "2|c087202a|3149f5afeb00120992cfc7328378fac5|1558449728",
      "User-Agent": "Mozilla/5.0 (Macintosh; Intel Mac OS X 10_12_6) AppleWebKit/537.36 (KHTML, like Gecko) Chrome/74.0.3729.131 Safari/537.36",
      "Dnt": "1",
      "Referer": "https://rent-snake-3000.codio.io/notebooks/Regression_tree.ipynb",
      "Accept-Encoding": "gzip, deflate, br",
      "Accept-Language": "en-US,en;q=0.9",
      "Cookie": "dynamic_session_maze-silence=f4155f17-bb0e-4681-a06f-2e8eccfb09af; dynamic_session_focus-desire=74db2540-962e-4611-8974-396120587a55; dynamic_session_lorenzo-vanilla=b89e638e-1eeb-4e5b-8a22-c05fb4b93fae; dynamic_session_llama-greek=53589000-0c2b-496f-9588-ff191ede063e; dynamic_session_finance-nikita=8b7834fa-1738-43d0-a3f2-aa63d250885b; dynamic_session_editor-brush=600c5a7a-1010-4170-bec2-655e7109a9b7; dynamic_session_heart-hello=9605847a-4d82-4712-a1bc-b40861b1a87d; dynamic_session_analog-impact=fc3b12cc-cca5-4b4f-9c2b-44902b2f70ce; dynamic_session_paper-guest=3eda05d9-38c6-4665-a64b-6d62a0b56350; dynamic_session_motel-ego=f5bf6130-0890-4f7c-82bd-4b9dc1264f3f; dynamic_session_saga-audio=31702479-c62b-4bff-9051-373b6a2b723f; dynamic_session_april-tornado=e67ca4b8-f463-41d2-9564-d347267478d9; dynamic_session_road-panel=7f50d0ee-4f27-4e5e-a4a3-50ffe1c7d118; dynamic_session_club-botanic=35ac571d-6f09-4502-a9f6-fb9cc1583db8; dynamic_session_tahiti-sensor=f6b4bf57-107a-48f4-b04d-013cdd4563c3; dynamic_session_herman-glass=dd901e14-7147-4e35-9a6a-dc007aaa1aeb; dynamic_session_immune-service=e2ec1cf8-78ce-4aac-b4a4-4d5d8f0a25d2; dynamic_session_soprano-nikita=173640f5-d828-4662-b08c-a82f8155d54f; dynamic_session_queen-clean=87835283-4ed6-4d58-b385-c1f189056e42; dynamic_session_middle-parody=c7dd1ece-3633-4117-ac84-d810d558aba7; dynamic_session_coral-perfume=b843130b-82fb-413c-8c57-4711b3255b1d; dynamic_session_rent-snake=e13e384d-9706-4874-9275-52e43854a735; _xsrf=2|c087202a|3149f5afeb00120992cfc7328378fac5|1558449728; dynamic_session_armada-yankee=50a87abd-8c3f-4a36-b5e9-878ef938bbfd; dynamic_session_norway-field=15c8455b-72ec-428e-bf68-fff492ac2305; dynamic_session_torch-lobster=4b04517e-4872-4bc0-ac8e-5ac19ab2ddda; dynamic_session_desire-zero=5ac8c750-a62b-40b3-96b8-445b45ef955d; dynamic_session_resume-absorb=c0d6ecf6-cc73-47df-83ce-3c13d0811d95; dynamic_session_acrobat-folio=abb5808d-7f1e-459c-be90-f5bddeac80b4; dynamic_session_doctor-susan=95ec2ca0-6a24-4103-9012-cfadce45cd8f; dynamic_session_alpine-fiber=cdee04b6-f18b-428e-be60-b90419a8416b",
      "X-Forwarded-Port": "443",
      "X-Real-Ip": "74.111.8.83",
      "X-Forwarded-Proto": "https",
      "X-Forwarded-For": "74.111.8.83"
    }
[NotebookApp | ERROR] 500 POST /api/kernels/0590c87f-dcca-4eae-92af-c799cfc36032/restart (192.168.10.160) 11.24ms referer=https://rent-snake-3000.codio.io/notebooks/Regression_tree.ipynb
[NotebookApp | WARNING] 404 DELETE /api/sessions/3cd616c6-e072-4f05-b1fc-40b3f3dd75ac (192.168.10.205): Session not found: session_id='3cd616c6-e072-4f05-b1fc-40b3f3dd75ac'
[NotebookApp | WARNING] Session not found: session_id='3cd616c6-e072-4f05-b1fc-40b3f3dd75ac'
[NotebookApp | WARNING] 404 DELETE /api/sessions/3cd616c6-e072-4f05-b1fc-40b3f3dd75ac (192.168.10.205) 4.34ms referer=https://rent-snake-3000.codio.io/notebooks/Regression_tree.ipynb
[NotebookApp | INFO] Kernel started: df5cf1d6-ad30-4ae2-8a2c-a6c81bbd3862
[NotebookApp | INFO] Adapting to protocol v5.1 for kernel df5cf1d6-ad30-4ae2-8a2c-a6c81bbd3862
[NotebookApp | INFO] Starting buffering for df5cf1d6-ad30-4ae2-8a2c-a6c81bbd3862:866bf47c9fb64b4d8b48ee5ea7514224
[NotebookApp | INFO] Adapting to protocol v5.1 for kernel df5cf1d6-ad30-4ae2-8a2c-a6c81bbd3862
[NotebookApp | INFO] Restoring connection for df5cf1d6-ad30-4ae2-8a2c-a6c81bbd3862:866bf47c9fb64b4d8b48ee5ea7514224
[NotebookApp | INFO] Starting buffering for df5cf1d6-ad30-4ae2-8a2c-a6c81bbd3862:866bf47c9fb64b4d8b48ee5ea7514224
[NotebookApp | INFO] Kernel restarted: df5cf1d6-ad30-4ae2-8a2c-a6c81bbd3862
[NotebookApp | INFO] Adapting to protocol v5.1 for kernel df5cf1d6-ad30-4ae2-8a2c-a6c81bbd3862
[NotebookApp | INFO] Restoring connection for df5cf1d6-ad30-4ae2-8a2c-a6c81bbd3862:866bf47c9fb64b4d8b48ee5ea7514224
[NotebookApp | INFO] Replaying 6 buffered messages
[NotebookApp | INFO] Saving file at /Regression_tree.ipynb
[NotebookApp | INFO] Saving file at /Regression_tree.ipynb
[NotebookApp | INFO] Starting buffering for df5cf1d6-ad30-4ae2-8a2c-a6c81bbd3862:866bf47c9fb64b4d8b48ee5ea7514224
[NotebookApp | INFO] Adapting to protocol v5.1 for kernel df5cf1d6-ad30-4ae2-8a2c-a6c81bbd3862
[NotebookApp | WARNING] 404 GET /static/components/MathJax/fonts/HTML-CSS/TeX/otf/MathJax_Script-Regular.otf (192.168.10.212) 1.10ms referer=https://rent-snake-3000.codio.io/notebooks/Regression_tree.ipynb
[NotebookApp | INFO] Starting buffering for df5cf1d6-ad30-4ae2-8a2c-a6c81bbd3862:46245e733c774ed89a5d1e289c4396ed
[NotebookApp | INFO] Kernel restarted: df5cf1d6-ad30-4ae2-8a2c-a6c81bbd3862
[NotebookApp | INFO] Adapting to protocol v5.1 for kernel df5cf1d6-ad30-4ae2-8a2c-a6c81bbd3862
[NotebookApp | INFO] Restoring connection for df5cf1d6-ad30-4ae2-8a2c-a6c81bbd3862:46245e733c774ed89a5d1e289c4396ed
[NotebookApp | INFO] Replaying 6 buffered messages
[NotebookApp | INFO] Saving file at /Regression_tree.ipynb
[NotebookApp | INFO] Saving file at /Regression_tree.ipynb
[NotebookApp | INFO] Saving file at /Regression_tree.ipynb
[NotebookApp | INFO] Saving file at /Regression_tree.ipynb
[NotebookApp | INFO] Starting buffering for df5cf1d6-ad30-4ae2-8a2c-a6c81bbd3862:46245e733c774ed89a5d1e289c4396ed
[NotebookApp | INFO] Kernel restarted: df5cf1d6-ad30-4ae2-8a2c-a6c81bbd3862
[NotebookApp | INFO] Adapting to protocol v5.1 for kernel df5cf1d6-ad30-4ae2-8a2c-a6c81bbd3862
[NotebookApp | INFO] Restoring connection for df5cf1d6-ad30-4ae2-8a2c-a6c81bbd3862:46245e733c774ed89a5d1e289c4396ed
[NotebookApp | INFO] Replaying 6 buffered messages
[NotebookApp | INFO] Saving file at /Regression_tree.ipynb
[NotebookApp | INFO] Saving file at /Regression_tree.ipynb
[NotebookApp | INFO] Starting buffering for df5cf1d6-ad30-4ae2-8a2c-a6c81bbd3862:46245e733c774ed89a5d1e289c4396ed
[NotebookApp | INFO] Kernel restarted: df5cf1d6-ad30-4ae2-8a2c-a6c81bbd3862
[NotebookApp | INFO] Adapting to protocol v5.1 for kernel df5cf1d6-ad30-4ae2-8a2c-a6c81bbd3862
[NotebookApp | INFO] Restoring connection for df5cf1d6-ad30-4ae2-8a2c-a6c81bbd3862:46245e733c774ed89a5d1e289c4396ed
[NotebookApp | INFO] Replaying 6 buffered messages
[NotebookApp | INFO] Saving file at /Regression_tree.ipynb
[NotebookApp | INFO] Saving file at /Regression_tree.ipynb
[NotebookApp | INFO] Starting buffering for df5cf1d6-ad30-4ae2-8a2c-a6c81bbd3862:46245e733c774ed89a5d1e289c4396ed
[NotebookApp | INFO] Adapting to protocol v5.1 for kernel df5cf1d6-ad30-4ae2-8a2c-a6c81bbd3862
[NotebookApp | WARNING] 404 GET /static/components/MathJax/fonts/HTML-CSS/TeX/otf/MathJax_Script-Regular.otf (192.168.10.205) 4.71ms referer=https://rent-snake-3000.codio.io/notebooks/Regression_tree.ipynb
[NotebookApp | INFO] Saving file at /Regression_tree.ipynb
[NotebookApp | INFO] Saving file at /Regression_tree.ipynb
[NotebookApp | INFO] Starting buffering for df5cf1d6-ad30-4ae2-8a2c-a6c81bbd3862:daef96e6b917422b80fa5b49fc74996d
[NotebookApp | INFO] Adapting to protocol v5.1 for kernel df5cf1d6-ad30-4ae2-8a2c-a6c81bbd3862
[NotebookApp | INFO] Starting buffering for df5cf1d6-ad30-4ae2-8a2c-a6c81bbd3862:0be7dabdd87745c1ba55d344d0ddc8c4
[NotebookApp | INFO] Kernel restarted: df5cf1d6-ad30-4ae2-8a2c-a6c81bbd3862
[NotebookApp | INFO] Adapting to protocol v5.1 for kernel df5cf1d6-ad30-4ae2-8a2c-a6c81bbd3862
[NotebookApp | INFO] Restoring connection for df5cf1d6-ad30-4ae2-8a2c-a6c81bbd3862:0be7dabdd87745c1ba55d344d0ddc8c4
[NotebookApp | INFO] Replaying 6 buffered messages
[NotebookApp | WARNING] 404 GET /static/components/MathJax/fonts/HTML-CSS/TeX/otf/MathJax_Script-Regular.otf (192.168.10.205) 1.54ms referer=https://rent-snake-3000.codio.io/notebooks/Regression_tree.ipynb
[NotebookApp | INFO] Saving file at /Regression_tree.ipynb
[NotebookApp | INFO] Saving file at /Regression_tree.ipynb
[NotebookApp | INFO] Starting buffering for df5cf1d6-ad30-4ae2-8a2c-a6c81bbd3862:0be7dabdd87745c1ba55d344d0ddc8c4
[NotebookApp | INFO] Adapting to protocol v5.1 for kernel df5cf1d6-ad30-4ae2-8a2c-a6c81bbd3862
[NotebookApp | WARNING] 404 GET /static/components/MathJax/fonts/HTML-CSS/TeX/otf/MathJax_Script-Regular.otf (192.168.10.205) 1.62ms referer=https://rent-snake-3000.codio.io/notebooks/Regression_tree.ipynb
[NotebookApp | INFO] Starting buffering for df5cf1d6-ad30-4ae2-8a2c-a6c81bbd3862:d4680975bade4a6da6c9f48b48c8e020
[NotebookApp | INFO] Kernel restarted: df5cf1d6-ad30-4ae2-8a2c-a6c81bbd3862
[NotebookApp | INFO] Adapting to protocol v5.1 for kernel df5cf1d6-ad30-4ae2-8a2c-a6c81bbd3862
[NotebookApp | INFO] Restoring connection for df5cf1d6-ad30-4ae2-8a2c-a6c81bbd3862:d4680975bade4a6da6c9f48b48c8e020
[NotebookApp | INFO] Replaying 6 buffered messages
[NotebookApp | INFO] Saving file at /Regression_tree.ipynb
[NotebookApp | INFO] Starting buffering for df5cf1d6-ad30-4ae2-8a2c-a6c81bbd3862:d4680975bade4a6da6c9f48b48c8e020
[NotebookApp | INFO] Kernel restarted: df5cf1d6-ad30-4ae2-8a2c-a6c81bbd3862
[NotebookApp | INFO] Adapting to protocol v5.1 for kernel df5cf1d6-ad30-4ae2-8a2c-a6c81bbd3862
[NotebookApp | INFO] Restoring connection for df5cf1d6-ad30-4ae2-8a2c-a6c81bbd3862:d4680975bade4a6da6c9f48b48c8e020
[NotebookApp | INFO] Replaying 6 buffered messages
[NotebookApp | INFO] Saving file at /Regression_tree.ipynb
[NotebookApp | INFO] Saving file at /Regression_tree.ipynb
[NotebookApp | INFO] Starting buffering for df5cf1d6-ad30-4ae2-8a2c-a6c81bbd3862:d4680975bade4a6da6c9f48b48c8e020
[NotebookApp | INFO] Kernel restarted: df5cf1d6-ad30-4ae2-8a2c-a6c81bbd3862
[NotebookApp | INFO] Saving file at /Regression_tree.ipynb
[NotebookApp | INFO] Adapting to protocol v5.1 for kernel df5cf1d6-ad30-4ae2-8a2c-a6c81bbd3862
[NotebookApp | INFO] Restoring connection for df5cf1d6-ad30-4ae2-8a2c-a6c81bbd3862:d4680975bade4a6da6c9f48b48c8e020
[NotebookApp | INFO] Replaying 6 buffered messages
[NotebookApp | INFO] Starting buffering for df5cf1d6-ad30-4ae2-8a2c-a6c81bbd3862:d4680975bade4a6da6c9f48b48c8e020
[NotebookApp | INFO] Kernel restarted: df5cf1d6-ad30-4ae2-8a2c-a6c81bbd3862
[NotebookApp | INFO] Adapting to protocol v5.1 for kernel df5cf1d6-ad30-4ae2-8a2c-a6c81bbd3862
[NotebookApp | INFO] Restoring connection for df5cf1d6-ad30-4ae2-8a2c-a6c81bbd3862:d4680975bade4a6da6c9f48b48c8e020
[NotebookApp | INFO] Replaying 6 buffered messages
[NotebookApp | INFO] Saving file at /Regression_tree.ipynb
[NotebookApp | INFO] Starting buffering for df5cf1d6-ad30-4ae2-8a2c-a6c81bbd3862:d4680975bade4a6da6c9f48b48c8e020
[NotebookApp | INFO] Adapting to protocol v5.1 for kernel df5cf1d6-ad30-4ae2-8a2c-a6c81bbd3862
[NotebookApp | INFO] Starting buffering for df5cf1d6-ad30-4ae2-8a2c-a6c81bbd3862:c7e195577aba4414bdeb72f3d1bb51b0
[NotebookApp | INFO] Kernel restarted: df5cf1d6-ad30-4ae2-8a2c-a6c81bbd3862
[NotebookApp | INFO] Adapting to protocol v5.1 for kernel df5cf1d6-ad30-4ae2-8a2c-a6c81bbd3862
[NotebookApp | INFO] Restoring connection for df5cf1d6-ad30-4ae2-8a2c-a6c81bbd3862:c7e195577aba4414bdeb72f3d1bb51b0
[NotebookApp | INFO] Replaying 6 buffered messages
[NotebookApp | WARNING] 404 GET /static/components/MathJax/fonts/HTML-CSS/TeX/otf/MathJax_Script-Regular.otf (192.168.10.212) 1.50ms referer=https://rent-snake-3000.codio.io/notebooks/Regression_tree.ipynb
[NotebookApp | INFO] Saving file at /Regression_tree.ipynb
[NotebookApp | INFO] Starting buffering for df5cf1d6-ad30-4ae2-8a2c-a6c81bbd3862:c7e195577aba4414bdeb72f3d1bb51b0
[NotebookApp | INFO] Kernel restarted: df5cf1d6-ad30-4ae2-8a2c-a6c81bbd3862
[NotebookApp | INFO] Adapting to protocol v5.1 for kernel df5cf1d6-ad30-4ae2-8a2c-a6c81bbd3862
[NotebookApp | INFO] Restoring connection for df5cf1d6-ad30-4ae2-8a2c-a6c81bbd3862:c7e195577aba4414bdeb72f3d1bb51b0
[NotebookApp | INFO] Replaying 6 buffered messages
[NotebookApp | INFO] Saving file at /Regression_tree.ipynb
[NotebookApp | INFO] Starting buffering for df5cf1d6-ad30-4ae2-8a2c-a6c81bbd3862:c7e195577aba4414bdeb72f3d1bb51b0
[NotebookApp | CRITICAL] Unwritable directory, please contact your instructor: /srv/nbgrader/exchange
[NotebookApp | CRITICAL] Unwritable directory, please contact your instructor: /srv/nbgrader/exchange
[NotebookApp | CRITICAL] Unwritable directory, please contact your instructor: /srv/nbgrader/exchange
[NotebookApp | CRITICAL] Unwritable directory, please contact your instructor: /srv/nbgrader/exchange
[NotebookApp | WARNING] No nbgrader_config.py file found. Rerun with DEBUG log level to see where nbgrader is looking.
[NotebookApp | CRITICAL] Unwritable directory, please contact your instructor: /srv/nbgrader/exchange
[NotebookApp | ERROR] Traceback (most recent call last):
      File "/usr/local/lib/python3.6/dist-packages/nbgrader/server_extensions/assignment_list/handlers.py", line 65, in list_released_assignments
        assignments = lister.start()
      File "/usr/local/lib/python3.6/dist-packages/nbgrader/exchange/list.py", line 129, in start
        super(ExchangeList, self).start()
      File "/usr/local/lib/python3.6/dist-packages/nbgrader/exchange/exchange.py", line 122, in start
        self.ensure_root()
      File "/usr/local/lib/python3.6/dist-packages/nbgrader/exchange/exchange.py", line 100, in ensure_root
        self.fail("Unwritable directory, please contact your instructor: {}".format(self.root))
      File "/usr/local/lib/python3.6/dist-packages/nbgrader/exchange/exchange.py", line 78, in fail
        raise ExchangeError(msg)
    nbgrader.exchange.exchange.ExchangeError: Unwritable directory, please contact your instructor: /srv/nbgrader/exchange
    
[NotebookApp | INFO] Adapting to protocol v5.1 for kernel df5cf1d6-ad30-4ae2-8a2c-a6c81bbd3862
[NotebookApp | WARNING] 404 GET /static/components/MathJax/fonts/HTML-CSS/TeX/otf/MathJax_Script-Regular.otf (192.168.10.160) 1.17ms referer=https://rent-snake-3000.codio.io/notebooks/Regression_tree.ipynb
[NotebookApp | INFO] Saving file at /Regression_tree.ipynb
[NotebookApp | INFO] Saving file at /Regression_tree.ipynb
[NotebookApp | INFO] Saving file at /Regression_tree.ipynb
[NotebookApp | INFO] Saving file at /Regression_tree.ipynb
[NotebookApp | INFO] Saving file at /Regression_tree.ipynb
[NotebookApp | INFO] Saving file at /Regression_tree.ipynb
[NotebookApp | INFO] Starting buffering for df5cf1d6-ad30-4ae2-8a2c-a6c81bbd3862:313a1fd4eb7147da81ae0fded1f39cd7
[NotebookApp | INFO] Kernel restarted: df5cf1d6-ad30-4ae2-8a2c-a6c81bbd3862
[NotebookApp | INFO] Adapting to protocol v5.1 for kernel df5cf1d6-ad30-4ae2-8a2c-a6c81bbd3862
[NotebookApp | INFO] Restoring connection for df5cf1d6-ad30-4ae2-8a2c-a6c81bbd3862:313a1fd4eb7147da81ae0fded1f39cd7
[NotebookApp | INFO] Replaying 8 buffered messages
[NotebookApp | INFO] Saving file at /Regression_tree.ipynb
[NotebookApp | INFO] Saving file at /Regression_tree.ipynb
[NotebookApp | INFO] Starting buffering for df5cf1d6-ad30-4ae2-8a2c-a6c81bbd3862:313a1fd4eb7147da81ae0fded1f39cd7
[NotebookApp | WARNING] No nbgrader_config.py file found (rerun with --debug to see where nbgrader is looking)
[NotebookApp | INFO] Loading the validate_assignment nbgrader serverextension
[NotebookApp | INFO] Serving notebooks from local directory: /home/codio/workspace
[NotebookApp | INFO] The Jupyter Notebook is running at:
[NotebookApp | INFO] http://(arrow-protect or 127.0.0.1):3000/
[NotebookApp | INFO] Use Control-C to stop this server and shut down all kernels (twice to skip confirmation).
[NotebookApp | INFO] Kernel started: b88325fc-eeaa-4a36-99dd-459f475ea89f
[NotebookApp | INFO] Adapting to protocol v5.1 for kernel b88325fc-eeaa-4a36-99dd-459f475ea89f
[NotebookApp | WARNING] 404 GET /static/components/MathJax/fonts/HTML-CSS/TeX/otf/MathJax_Script-Regular.otf (192.168.10.205) 6.54ms referer=https://arrow-protect-3000.codio.io/notebooks/Regression_tree.ipynb
[NotebookApp | INFO] Starting buffering for b88325fc-eeaa-4a36-99dd-459f475ea89f:12991575ae4d4ecb8745479a13736336
[NotebookApp | CRITICAL] received signal 15, stopping
[NotebookApp | INFO] Shutting down 1 kernel
[NotebookApp | INFO] Kernel shutdown: b88325fc-eeaa-4a36-99dd-459f475ea89f
[NotebookApp | WARNING] No nbgrader_config.py file found (rerun with --debug to see where nbgrader is looking)
[NotebookApp | INFO] Loading the validate_assignment nbgrader serverextension
[NotebookApp | INFO] Serving notebooks from local directory: /home/codio/workspace
[NotebookApp | INFO] The Jupyter Notebook is running at:
[NotebookApp | INFO] http://(arrow-protect or 127.0.0.1):3000/
[NotebookApp | INFO] Use Control-C to stop this server and shut down all kernels (twice to skip confirmation).
[NotebookApp | INFO] Kernel started: 9040bbc3-aa3a-47a0-bb35-3253f7508626
[NotebookApp | INFO] Adapting to protocol v5.1 for kernel 9040bbc3-aa3a-47a0-bb35-3253f7508626
[NotebookApp | WARNING] 404 GET /static/components/MathJax/fonts/HTML-CSS/TeX/otf/MathJax_Script-Regular.otf (192.168.10.212) 6.09ms referer=https://arrow-protect-3000.codio.io/notebooks/Regression_tree.ipynb
[NotebookApp | INFO] Saving file at /Regression_tree.ipynb
[NotebookApp | INFO] Saving file at /Regression_tree.ipynb
[NotebookApp | INFO] Starting buffering for 9040bbc3-aa3a-47a0-bb35-3253f7508626:ca27d8b58b2c4b8da8894941e0b28472
[NotebookApp | CRITICAL] received signal 15, stopping
[NotebookApp | INFO] Shutting down 1 kernel
[NotebookApp | INFO] Kernel shutdown: 9040bbc3-aa3a-47a0-bb35-3253f7508626
[NotebookApp | WARNING] No nbgrader_config.py file found (rerun with --debug to see where nbgrader is looking)
[NotebookApp | INFO] Loading the validate_assignment nbgrader serverextension
[NotebookApp | INFO] Serving notebooks from local directory: /home/codio/workspace
[NotebookApp | INFO] The Jupyter Notebook is running at:
[NotebookApp | INFO] http://(arrow-protect or 127.0.0.1):3000/
[NotebookApp | INFO] Use Control-C to stop this server and shut down all kernels (twice to skip confirmation).
[NotebookApp | INFO] Kernel started: 907d6106-ad9c-4dee-90af-6f7f6898c9d5
[NotebookApp | INFO] Adapting to protocol v5.1 for kernel 907d6106-ad9c-4dee-90af-6f7f6898c9d5
[NotebookApp | INFO] Starting buffering for 907d6106-ad9c-4dee-90af-6f7f6898c9d5:501e1e47f71845de99f616fcd7ff792e
[NotebookApp | CRITICAL] received signal 15, stopping
[NotebookApp | INFO] Shutting down 1 kernel
[NotebookApp | INFO] Kernel shutdown: 907d6106-ad9c-4dee-90af-6f7f6898c9d5
[NotebookApp | WARNING] No nbgrader_config.py file found (rerun with --debug to see where nbgrader is looking)
[NotebookApp | INFO] Loading the validate_assignment nbgrader serverextension
[NotebookApp | INFO] Serving notebooks from local directory: /home/codio/workspace
[NotebookApp | INFO] The Jupyter Notebook is running at:
[NotebookApp | INFO] http://(arrow-protect or 127.0.0.1):3000/
[NotebookApp | INFO] Use Control-C to stop this server and shut down all kernels (twice to skip confirmation).
[NotebookApp | INFO] Kernel started: 48541ed9-44e2-4152-9073-8332d6c446a5
[NotebookApp | INFO] Adapting to protocol v5.1 for kernel 48541ed9-44e2-4152-9073-8332d6c446a5
[NotebookApp | WARNING] 404 GET /static/components/MathJax/fonts/HTML-CSS/TeX/otf/MathJax_Script-Regular.otf (192.168.10.160) 6.40ms referer=https://arrow-protect-3000.codio.io/notebooks/Regression_tree.ipynb
[NotebookApp | INFO] Starting buffering for 48541ed9-44e2-4152-9073-8332d6c446a5:d4042e67d0ff491081fdc0c858fa8fa1
[NotebookApp | INFO] Adapting to protocol v5.1 for kernel 48541ed9-44e2-4152-9073-8332d6c446a5
[NotebookApp | WARNING] 404 GET /static/components/MathJax/fonts/HTML-CSS/TeX/otf/MathJax_Script-Regular.otf (192.168.10.205) 1.15ms referer=https://arrow-protect-3000.codio.io/notebooks/Regression_tree.ipynb
[NotebookApp | INFO] Starting buffering for 48541ed9-44e2-4152-9073-8332d6c446a5:07a0c46d8e514a1b9465b6c97a80ce6a
[NotebookApp | CRITICAL] received signal 15, stopping
[NotebookApp | INFO] Shutting down 1 kernel
[NotebookApp | INFO] Kernel shutdown: 48541ed9-44e2-4152-9073-8332d6c446a5
[NotebookApp | WARNING] No nbgrader_config.py file found (rerun with --debug to see where nbgrader is looking)
[NotebookApp | INFO] Loading the validate_assignment nbgrader serverextension
[NotebookApp | INFO] Serving notebooks from local directory: /home/codio/workspace
[NotebookApp | INFO] The Jupyter Notebook is running at:
[NotebookApp | INFO] http://(arrow-protect or 127.0.0.1):3000/
[NotebookApp | INFO] Use Control-C to stop this server and shut down all kernels (twice to skip confirmation).
[NotebookApp | INFO] Kernel started: d6e9ca5d-62f5-4def-b8e8-6e4f8872d112
[NotebookApp | INFO] Adapting to protocol v5.1 for kernel d6e9ca5d-62f5-4def-b8e8-6e4f8872d112
[NotebookApp | WARNING] 404 GET /static/components/MathJax/fonts/HTML-CSS/TeX/otf/MathJax_Script-Regular.otf (192.168.10.205) 6.64ms referer=https://arrow-protect-3000.codio.io/notebooks/Regression_tree.ipynb
[NotebookApp | INFO] Starting buffering for d6e9ca5d-62f5-4def-b8e8-6e4f8872d112:32b96e4190d2492c9a257cacdaa6c509
[NotebookApp | INFO] Adapting to protocol v5.1 for kernel d6e9ca5d-62f5-4def-b8e8-6e4f8872d112
[NotebookApp | WARNING] 404 GET /static/components/MathJax/fonts/HTML-CSS/TeX/otf/MathJax_Script-Regular.otf (192.168.10.205) 1.28ms referer=https://arrow-protect-3000.codio.io/notebooks/Regression_tree.ipynb
[NotebookApp | INFO] Starting buffering for d6e9ca5d-62f5-4def-b8e8-6e4f8872d112:2d1bfe6b2a6c40c88508dd2a24cfc938
[NotebookApp | INFO] Adapting to protocol v5.1 for kernel d6e9ca5d-62f5-4def-b8e8-6e4f8872d112
[NotebookApp | WARNING] 404 GET /static/components/MathJax/fonts/HTML-CSS/TeX/otf/MathJax_Script-Regular.otf (192.168.10.160) 1.32ms referer=https://arrow-protect-3000.codio.io/notebooks/Regression_tree.ipynb
[NotebookApp | WARNING] No nbgrader_config.py file found (rerun with --debug to see where nbgrader is looking)
[NotebookApp | INFO] Loading the validate_assignment nbgrader serverextension
[NotebookApp | INFO] Serving notebooks from local directory: /home/codio/workspace
[NotebookApp | INFO] The Jupyter Notebook is running at:
[NotebookApp | INFO] http://(option-portal or 127.0.0.1):3000/
[NotebookApp | INFO] Use Control-C to stop this server and shut down all kernels (twice to skip confirmation).
[NotebookApp | INFO] Kernel started: 0560da23-67d2-42a8-a9bc-1bf7b4d4b3b1
[NotebookApp | INFO] Adapting to protocol v5.1 for kernel 0560da23-67d2-42a8-a9bc-1bf7b4d4b3b1
[NotebookApp | WARNING] 404 GET /static/components/MathJax/fonts/HTML-CSS/TeX/otf/MathJax_Script-Regular.otf (192.168.10.212) 6.75ms referer=https://option-portal-3000.codio.io/notebooks/Regression_tree.ipynb
[NotebookApp | INFO] Starting buffering for 0560da23-67d2-42a8-a9bc-1bf7b4d4b3b1:9754bce4fc74400184023088a1d126ee
[NotebookApp | WARNING] Notebook Regression_tree.ipynb is not trusted
[NotebookApp | INFO] Adapting to protocol v5.1 for kernel 0560da23-67d2-42a8-a9bc-1bf7b4d4b3b1
[NotebookApp | INFO] Saving file at /Regression_tree.ipynb
[NotebookApp | WARNING] 404 GET /static/components/MathJax/fonts/HTML-CSS/TeX/otf/MathJax_Script-Regular.otf (192.168.10.205) 1.34ms referer=https://option-portal-3000.codio.io/notebooks/Regression_tree.ipynb
[NotebookApp | INFO] Saving file at /Regression_tree.ipynb
[NotebookApp | INFO] Starting buffering for 0560da23-67d2-42a8-a9bc-1bf7b4d4b3b1:9a0b63726e464de98a7a0cb54e34e7a6
[NotebookApp | INFO] Adapting to protocol v5.1 for kernel 0560da23-67d2-42a8-a9bc-1bf7b4d4b3b1
[NotebookApp | WARNING] 404 GET /static/components/MathJax/fonts/HTML-CSS/TeX/otf/MathJax_Script-Regular.otf (192.168.10.205) 1.33ms referer=https://option-portal-3000.codio.io/notebooks/Regression_tree.ipynb
[NotebookApp | INFO] Starting buffering for 0560da23-67d2-42a8-a9bc-1bf7b4d4b3b1:79fd11470ab74ee18ce0f35822f063b3
[NotebookApp | INFO] Adapting to protocol v5.1 for kernel 0560da23-67d2-42a8-a9bc-1bf7b4d4b3b1
[NotebookApp | WARNING] 404 GET /static/components/MathJax/fonts/HTML-CSS/TeX/otf/MathJax_Script-Regular.otf (192.168.10.205) 1.16ms referer=https://option-portal-3000.codio.io/notebooks/Regression_tree.ipynb
[NotebookApp | INFO] Starting buffering for 0560da23-67d2-42a8-a9bc-1bf7b4d4b3b1:93058547e3ce4136bee8d746a04b9656
[NotebookApp | INFO] Kernel restarted: 0560da23-67d2-42a8-a9bc-1bf7b4d4b3b1
[NotebookApp | INFO] Adapting to protocol v5.1 for kernel 0560da23-67d2-42a8-a9bc-1bf7b4d4b3b1
[NotebookApp | INFO] Restoring connection for 0560da23-67d2-42a8-a9bc-1bf7b4d4b3b1:93058547e3ce4136bee8d746a04b9656
[NotebookApp | INFO] Replaying 8 buffered messages
[NotebookApp | INFO] Saving file at /Regression_tree.ipynb
[NotebookApp | INFO] Starting buffering for 0560da23-67d2-42a8-a9bc-1bf7b4d4b3b1:93058547e3ce4136bee8d746a04b9656
[NotebookApp | WARNING] No nbgrader_config.py file found (rerun with --debug to see where nbgrader is looking)
[NotebookApp | INFO] Loading the validate_assignment nbgrader serverextension
[NotebookApp | INFO] Serving notebooks from local directory: /home/codio/workspace
[NotebookApp | INFO] The Jupyter Notebook is running at:
[NotebookApp | INFO] http://(sardine-explain or 127.0.0.1):3000/
[NotebookApp | INFO] Use Control-C to stop this server and shut down all kernels (twice to skip confirmation).
[NotebookApp | WARNING] No nbgrader_config.py file found (rerun with --debug to see where nbgrader is looking)
[NotebookApp | INFO] Loading the validate_assignment nbgrader serverextension
[NotebookApp | INFO] Serving notebooks from local directory: /home/codio/workspace
[NotebookApp | INFO] The Jupyter Notebook is running at:
[NotebookApp | INFO] http://(giant-drama or 127.0.0.1):3000/
[NotebookApp | INFO] Use Control-C to stop this server and shut down all kernels (twice to skip confirmation).
[NotebookApp | WARNING] Notebook Regression_tree.ipynb is not trusted
[NotebookApp | INFO] Kernel started: 0852cd9b-1466-419e-bad0-8f76e031d0f7
[NotebookApp | INFO] Adapting to protocol v5.1 for kernel 0852cd9b-1466-419e-bad0-8f76e031d0f7
[NotebookApp | INFO] Starting buffering for 0852cd9b-1466-419e-bad0-8f76e031d0f7:bce0d82880b6424d9435389fcfc29592
[NotebookApp | CRITICAL] received signal 15, stopping
[NotebookApp | INFO] Shutting down 1 kernel
[NotebookApp | INFO] Kernel shutdown: 0852cd9b-1466-419e-bad0-8f76e031d0f7
[NotebookApp | WARNING] No nbgrader_config.py file found (rerun with --debug to see where nbgrader is looking)
[NotebookApp | INFO] Loading the validate_assignment nbgrader serverextension
[NotebookApp | INFO] Serving notebooks from local directory: /home/codio/workspace
[NotebookApp | INFO] The Jupyter Notebook is running at:
[NotebookApp | INFO] http://(giant-drama or 127.0.0.1):3000/
[NotebookApp | INFO] Use Control-C to stop this server and shut down all kernels (twice to skip confirmation).
[NotebookApp | WARNING] Notebook Regression_tree.ipynb is not trusted
[NotebookApp | INFO] Kernel started: 4c3001b6-80ec-418a-bf62-8c03b69b7d29
[NotebookApp | INFO] Adapting to protocol v5.1 for kernel 4c3001b6-80ec-418a-bf62-8c03b69b7d29
[NotebookApp | INFO] Starting buffering for 4c3001b6-80ec-418a-bf62-8c03b69b7d29:1c76134076f04260a897fc7772f2a6de
[NotebookApp | WARNING] No nbgrader_config.py file found (rerun with --debug to see where nbgrader is looking)
[NotebookApp | INFO] Loading the validate_assignment nbgrader serverextension
[NotebookApp | INFO] Serving notebooks from local directory: /home/codio/workspace
[NotebookApp | INFO] The Jupyter Notebook is running at:
[NotebookApp | INFO] http://(buzzer-prize or 127.0.0.1):3000/
[NotebookApp | INFO] Use Control-C to stop this server and shut down all kernels (twice to skip confirmation).
[NotebookApp | WARNING] Notebook Regression_tree.ipynb is not trusted
[NotebookApp | INFO] Kernel started: 00ba4d45-b126-4d6d-bc18-490889719b12
[NotebookApp | INFO] Adapting to protocol v5.1 for kernel 00ba4d45-b126-4d6d-bc18-490889719b12
[NotebookApp | WARNING] 404 GET /static/components/MathJax/fonts/HTML-CSS/TeX/otf/MathJax_Script-Regular.otf (192.168.10.160) 6.68ms referer=https://buzzer-prize-3000.codio.io/notebooks/Regression_tree.ipynb
[NotebookApp | INFO] Starting buffering for 00ba4d45-b126-4d6d-bc18-490889719b12:f0fff65af4ee423f9032df1c9766e0c5
[NotebookApp | CRITICAL] received signal 15, stopping
[NotebookApp | INFO] Shutting down 1 kernel
[NotebookApp | INFO] Kernel shutdown: 00ba4d45-b126-4d6d-bc18-490889719b12
[NotebookApp | WARNING] No nbgrader_config.py file found (rerun with --debug to see where nbgrader is looking)
[NotebookApp | INFO] Loading the validate_assignment nbgrader serverextension
[NotebookApp | INFO] Serving notebooks from local directory: /home/codio/workspace
[NotebookApp | INFO] The Jupyter Notebook is running at:
[NotebookApp | INFO] http://(buzzer-prize or 127.0.0.1):3000/
[NotebookApp | INFO] Use Control-C to stop this server and shut down all kernels (twice to skip confirmation).
[NotebookApp | WARNING] Notebook Regression_tree.ipynb is not trusted
[NotebookApp | INFO] Kernel started: 0ed02e44-aeb9-4379-99c5-c0353fc69603
[NotebookApp | INFO] Adapting to protocol v5.1 for kernel 0ed02e44-aeb9-4379-99c5-c0353fc69603
[NotebookApp | WARNING] No nbgrader_config.py file found (rerun with --debug to see where nbgrader is looking)
[NotebookApp | INFO] Loading the validate_assignment nbgrader serverextension
[NotebookApp | INFO] Serving notebooks from local directory: /home/cheng/Desktop/CIS530/CIS534/final/source/regression-trees
[NotebookApp | INFO] The Jupyter Notebook is running at:
[NotebookApp | INFO] http://localhost:8889/?token=d6603f39579c940b43028a1d1d05519156b7bf0fea0468fb
[NotebookApp | INFO] Use Control-C to stop this server and shut down all kernels (twice to skip confirmation).
[NotebookApp | CRITICAL] 
    
    To access the notebook, open this file in a browser:
        file:///run/user/1000/jupyter/nbserver-6522-open.html
    Or copy and paste one of these URLs:
        http://localhost:8889/?token=d6603f39579c940b43028a1d1d05519156b7bf0fea0468fb
[NotebookApp | INFO] Kernel started: b0c581a7-6c6f-4754-b279-cb0ff3646642
[NotebookApp | INFO] Adapting to protocol v5.1 for kernel b0c581a7-6c6f-4754-b279-cb0ff3646642
[NotebookApp | INFO] Starting buffering for b0c581a7-6c6f-4754-b279-cb0ff3646642:b532aba35dc748b7aa3a897e0d6f9a8d
[NotebookApp | INFO] interrupted
[NotebookApp | CRITICAL] received signal 2, stopping
[NotebookApp | INFO] Shutting down 1 kernel
[NotebookApp | CRITICAL] received signal 2, stopping
[NotebookApp | CRITICAL] received signal 2, stopping
[NotebookApp | CRITICAL] received signal 2, stopping
[NotebookApp | CRITICAL] received signal 2, stopping
[NotebookApp | CRITICAL] received signal 2, stopping
[NotebookApp | CRITICAL] received signal 2, stopping
[NotebookApp | INFO] Kernel shutdown: b0c581a7-6c6f-4754-b279-cb0ff3646642
[NotebookApp | WARNING] No nbgrader_config.py file found (rerun with --debug to see where nbgrader is looking)
[NotebookApp | INFO] Loading the validate_assignment nbgrader serverextension
[NotebookApp | INFO] Serving notebooks from local directory: /home/cheng/Desktop/CIS530/CIS534/final/source/regression-trees
[NotebookApp | INFO] The Jupyter Notebook is running at:
[NotebookApp | INFO] http://localhost:8888/?token=23c2ac0a70deabb1270acf387d2fc72d2a64679bcfed2975
[NotebookApp | INFO] Use Control-C to stop this server and shut down all kernels (twice to skip confirmation).
[NotebookApp | CRITICAL] 
    
    To access the notebook, open this file in a browser:
        file:///run/user/1000/jupyter/nbserver-5030-open.html
    Or copy and paste one of these URLs:
        http://localhost:8888/?token=23c2ac0a70deabb1270acf387d2fc72d2a64679bcfed2975
[NotebookApp | INFO] Kernel started: 16bec3cf-af80-4294-8168-a787a5ab0d79
[NotebookApp | INFO] Adapting to protocol v5.1 for kernel 16bec3cf-af80-4294-8168-a787a5ab0d79
[NotebookApp | INFO] Saving file at /Regression_tree.ipynb
[NotebookApp | INFO] Saving file at /Regression_tree.ipynb
[NotebookApp | INFO] Saving file at /Regression_tree.ipynb
[NotebookApp | INFO] Saving file at /Regression_tree.ipynb
[NotebookApp | INFO] Saving file at /Regression_tree.ipynb
[NotebookApp | INFO] Saving file at /Regression_tree.ipynb
[NotebookApp | INFO] Saving file at /Regression_tree.ipynb
[NotebookApp | INFO] Saving file at /Regression_tree.ipynb
[NotebookApp | INFO] Saving file at /Regression_tree.ipynb
[NotebookApp | INFO] Saving file at /Regression_tree.ipynb
[NotebookApp | INFO] Saving file at /Regression_tree.ipynb
[NotebookApp | INFO] Saving file at /Regression_tree.ipynb
[NotebookApp | INFO] Saving file at /Regression_tree.ipynb
[NotebookApp | INFO] Saving file at /Regression_tree.ipynb
[NotebookApp | INFO] Saving file at /Regression_tree.ipynb
[NotebookApp | INFO] Saving file at /Regression_tree.ipynb
[NotebookApp | INFO] Saving file at /Regression_tree.ipynb
[NotebookApp | INFO] Starting buffering for 16bec3cf-af80-4294-8168-a787a5ab0d79:aca2464619b940a188007ef5d3925317
[NotebookApp | INFO] Kernel restarted: 16bec3cf-af80-4294-8168-a787a5ab0d79
[NotebookApp | INFO] Adapting to protocol v5.1 for kernel 16bec3cf-af80-4294-8168-a787a5ab0d79
[NotebookApp | INFO] Restoring connection for 16bec3cf-af80-4294-8168-a787a5ab0d79:aca2464619b940a188007ef5d3925317
[NotebookApp | INFO] Replaying 5 buffered messages
[NotebookApp | INFO] Saving file at /Regression_tree.ipynb
[NotebookApp | INFO] Saving file at /Regression_tree.ipynb
[NotebookApp | INFO] Saving file at /Regression_tree.ipynb
[NotebookApp | INFO] Saving file at /Regression_tree.ipynb
[NotebookApp | WARNING] No nbgrader_config.py file found. Rerun with DEBUG log level to see where nbgrader is looking.
[NotebookApp | INFO] Validating '/home/cheng/Desktop/CIS530/CIS534/final/source/regression-trees/Regression_tree.ipynb'
[NotebookApp | INFO] Executing notebook with kernel: python3
[NotebookApp | INFO] Starting buffering for 16bec3cf-af80-4294-8168-a787a5ab0d79:aca2464619b940a188007ef5d3925317
[NotebookApp | INFO] Kernel restarted: 16bec3cf-af80-4294-8168-a787a5ab0d79
[NotebookApp | INFO] Adapting to protocol v5.1 for kernel 16bec3cf-af80-4294-8168-a787a5ab0d79
[NotebookApp | INFO] Restoring connection for 16bec3cf-af80-4294-8168-a787a5ab0d79:aca2464619b940a188007ef5d3925317
[NotebookApp | INFO] Replaying 5 buffered messages
[NotebookApp | INFO] Saving file at /Regression_tree.ipynb
[NotebookApp | INFO] Saving file at /Regression_tree.ipynb
[NotebookApp | INFO] Saving file at /Regression_tree.ipynb
[NotebookApp | INFO] Saving file at /Regression_tree.ipynb
[NotebookApp | INFO] Saving file at /Regression_tree.ipynb
[NotebookApp | INFO] Saving file at /Regression_tree.ipynb
[NotebookApp | INFO] Saving file at /Regression_tree.ipynb
[NotebookApp | INFO] Saving file at /Regression_tree.ipynb
[NotebookApp | INFO] Saving file at /Regression_tree.ipynb
[NotebookApp | INFO] Saving file at /Regression_tree.ipynb
[NotebookApp | INFO] Saving file at /Regression_tree.ipynb
[NotebookApp | WARNING] No nbgrader_config.py file found. Rerun with DEBUG log level to see where nbgrader is looking.
[NotebookApp | INFO] Validating '/home/cheng/Desktop/CIS530/CIS534/final/source/regression-trees/Regression_tree.ipynb'
[NotebookApp | INFO] Executing notebook with kernel: python3
[NotebookApp | INFO] Starting buffering for 16bec3cf-af80-4294-8168-a787a5ab0d79:aca2464619b940a188007ef5d3925317
[NotebookApp | INFO] Kernel restarted: 16bec3cf-af80-4294-8168-a787a5ab0d79
[NotebookApp | INFO] Adapting to protocol v5.1 for kernel 16bec3cf-af80-4294-8168-a787a5ab0d79
[NotebookApp | INFO] Restoring connection for 16bec3cf-af80-4294-8168-a787a5ab0d79:aca2464619b940a188007ef5d3925317
[NotebookApp | INFO] Replaying 5 buffered messages
[NotebookApp | INFO] Saving file at /Regression_tree.ipynb
[NotebookApp | INFO] Starting buffering for 16bec3cf-af80-4294-8168-a787a5ab0d79:aca2464619b940a188007ef5d3925317
[NotebookApp | INFO] interrupted
[NotebookApp | CRITICAL] received signal 2, stopping
[NotebookApp | INFO] Shutting down 1 kernel
[NotebookApp | CRITICAL] received signal 2, stopping
[NotebookApp | CRITICAL] received signal 2, stopping
[NotebookApp | INFO] Kernel shutdown: 16bec3cf-af80-4294-8168-a787a5ab0d79
