[NotebookApp | WARNING] No nbgrader_config.py file found (rerun with --debug to see where nbgrader is looking)
[NotebookApp | INFO] Loading the validate_assignment nbgrader serverextension
[NotebookApp | INFO] Serving notebooks from local directory: /home/cheng/Desktop/CIS530/CIS535/source
[NotebookApp | INFO] The Jupyter Notebook is running at:
[NotebookApp | INFO] http://localhost:8889/?token=1a9cf90940793b576eedea785bac06ca5aea59e2363cfba3
[NotebookApp | INFO] Use Control-C to stop this server and shut down all kernels (twice to skip confirmation).
[NotebookApp | CRITICAL] 
    
    To access the notebook, open this file in a browser:
        file:///run/user/1000/jupyter/nbserver-4042-open.html
    Or copy and paste one of these URLs:
        http://localhost:8889/?token=1a9cf90940793b576eedea785bac06ca5aea59e2363cfba3
[NotebookApp | INFO] 302 GET /notebooks/BV/bias.jpg (127.0.0.1) 0.69ms
[NotebookApp | INFO] Kernel started: 32719ebb-6d35-4664-b377-b5c9aa4ac5c5
[NotebookApp | INFO] Adapting to protocol v5.1 for kernel 32719ebb-6d35-4664-b377-b5c9aa4ac5c5
[NotebookApp | WARNING] 404 GET /static/components/MathJax/fonts/HTML-CSS/TeX/otf/MathJax_AMS-Regular.otf (127.0.0.1) 4.91ms referer=http://localhost:8889/notebooks/BV/Bias%20Variance%20Decomposition.ipynb
[NotebookApp | WARNING] 404 GET /static/components/MathJax/fonts/HTML-CSS/TeX/otf/MathJax_Script-Regular.otf (127.0.0.1) 0.86ms referer=http://localhost:8889/notebooks/BV/Bias%20Variance%20Decomposition.ipynb
[NotebookApp | INFO] Starting buffering for 32719ebb-6d35-4664-b377-b5c9aa4ac5c5:eb7ae64fb3f94c6a8a472d254e637cb4
[NotebookApp | INFO] interrupted
[NotebookApp | CRITICAL] received signal 2, stopping
[NotebookApp | INFO] Shutting down 1 kernel
[NotebookApp | CRITICAL] received signal 2, stopping
[NotebookApp | INFO] Kernel shutdown: 32719ebb-6d35-4664-b377-b5c9aa4ac5c5
