[NbGraderApp | WARNING] No nbgrader_config.py file found (rerun with --debug to see where nbgrader is looking)
[UpdateApp | WARNING] No nbgrader_config.py file found (rerun with --debug to see where nbgrader is looking)
[UpdateApp | INFO] Updating metadata for notebook: NB.ipynb
[NotebookApp | WARNING] No nbgrader_config.py file found (rerun with --debug to see where nbgrader is looking)
[NotebookApp | INFO] Loading the validate_assignment nbgrader serverextension
[NotebookApp | INFO] Serving notebooks from local directory: /home/cheng/Desktop/E-Cornell-ML/Vocareum/CIS532/source/NB
[NotebookApp | INFO] The Jupyter Notebook is running at:
[NotebookApp | INFO] http://localhost:8890/?token=24724e777fcf672838ce9b56b1b5cc50a5a1a3dfd11057b4
[NotebookApp | INFO] Use Control-C to stop this server and shut down all kernels (twice to skip confirmation).
[NotebookApp | CRITICAL] 
    
    To access the notebook, open this file in a browser:
        file:///run/user/1000/jupyter/nbserver-14312-open.html
    Or copy and paste one of these URLs:
        http://localhost:8890/?token=24724e777fcf672838ce9b56b1b5cc50a5a1a3dfd11057b4
[NotebookApp | INFO] 302 GET /notebooks/nb.png (127.0.0.1) 0.61ms
[NotebookApp | INFO] Kernel started: 3e53a3b9-facc-42cc-abbb-0a99b111595d
[NotebookApp | INFO] Adapting to protocol v5.1 for kernel 3e53a3b9-facc-42cc-abbb-0a99b111595d
[NotebookApp | CRITICAL] Unwritable directory, please contact your instructor: /srv/nbgrader/exchange
[NotebookApp | CRITICAL] Unwritable directory, please contact your instructor: /srv/nbgrader/exchange
[NotebookApp | CRITICAL] Unwritable directory, please contact your instructor: /srv/nbgrader/exchange
[NotebookApp | CRITICAL] Unwritable directory, please contact your instructor: /srv/nbgrader/exchange
[NotebookApp | CRITICAL] Unwritable directory, please contact your instructor: /srv/nbgrader/exchange
[NotebookApp | CRITICAL] Unwritable directory, please contact your instructor: /srv/nbgrader/exchange
[NotebookApp | CRITICAL] Unwritable directory, please contact your instructor: /srv/nbgrader/exchange
[NotebookApp | CRITICAL] Unwritable directory, please contact your instructor: /srv/nbgrader/exchange
[NotebookApp | INFO] Starting buffering for 3e53a3b9-facc-42cc-abbb-0a99b111595d:354346c2c2594c81aa5c28cc75a9b29b
[NotebookApp | INFO] interrupted
[NotebookApp | CRITICAL] received signal 2, stopping
[NotebookApp | INFO] Shutting down 1 kernel
[NotebookApp | CRITICAL] received signal 2, stopping
[NotebookApp | INFO] Kernel shutdown: 3e53a3b9-facc-42cc-abbb-0a99b111595d
